[ 2018-08-18T13:09:03+08:00 ] ::1 /storehouse/
INFO: [ app_init ] --START--
INFO: Run Behavior\BuildLiteBehavior [ RunTime:0.000000s ]
INFO: [ app_init ] --END-- [ RunTime:0.010001s ]
INFO: [ app_begin ] --START--
INFO: Run Behavior\ReadHtmlCacheBehavior [ RunTime:0.003000s ]
INFO: [ app_begin ] --END-- [ RunTime:0.003000s ]
SQL: SHOW COLUMNS FROM `voc_dictionary` [ RunTime:0.0320s ]
SQL: SHOW COLUMNS FROM `voc_config` [ RunTime:0.0390s ]
SQL: SELECT * FROM `voc_config` WHERE ( code='web' ) LIMIT 1   [ RunTime:0.0170s ]
SQL: SHOW COLUMNS FROM `voc_student` [ RunTime:0.0490s ]
SQL: SELECT * FROM `voc_student` WHERE `student_number` = null AND `student_pwd` = null LIMIT 1   [ RunTime:0.0010s ]
SQL: SHOW COLUMNS FROM `voc_art_class` [ RunTime:0.0140s ]
SQL: SELECT * FROM `voc_art_class` WHERE `model_id` = 21 AND `valid` = 1 ORDER BY sort asc,addtime desc LIMIT 4   [ RunTime:0.0130s ]
SQL: SHOW COLUMNS FROM `voc_art` [ RunTime:0.0110s ]
SQL: SELECT * FROM `voc_art` WHERE `model_id` = 20 AND `cid` = 14 ORDER BY addtime desc LIMIT 1   [ RunTime:0.0560s ]
SQL: SELECT * FROM `voc_art` WHERE `model_id` = 20 AND `cid` = 15 ORDER BY addtime desc LIMIT 1   [ RunTime:0.0010s ]
INFO: [ view_parse ] --START--
INFO: [ template_filter ] --START--
INFO: Run Behavior\ContentReplaceBehavior [ RunTime:0.000000s ]
INFO: [ template_filter ] --END-- [ RunTime:0.000000s ]
SQL: SELECT * FROM `voc_config` WHERE `code` = 'nav' LIMIT 1   [ RunTime:0.0000s ]
SQL: SELECT `cid`,`pid` FROM `voc_art_class` WHERE `model_id` = 20 AND `valid` = 1 ORDER BY pid asc  [ RunTime:0.0010s ]
SQL: SHOW COLUMNS FROM `voc_model` [ RunTime:0.0030s ]
SQL: SELECT `art_class` FROM `voc_model` WHERE ( model_id=20 ) LIMIT 1   [ RunTime:0.0010s ]
SQL: SELECT art.aid AS aid,art.model_id AS model_id,art.cid AS cid,art.title AS title,art.s_title AS s_title,art.pubdate AS pubdate,art.author AS author,art.reference AS reference,art.link_url AS link_url,art.thumb AS thumb,art.description AS description,art.content AS content,art.pic AS pic,art.video_type AS video_type,art.video AS video,art.media AS media,art.is_top AS is_top,art.is_rec AS is_rec,art.is_hot AS is_hot,art.status AS status,art.is_check AS is_check,art.pass_info AS pass_info,art.is_show AS is_show,art.hits AS hits,art.sort AS sort,art.addtime AS addtime,art.updatetime AS updatetime,art.ext1 AS ext1,art.ext2 AS ext2,art_class.cid AS cid,art_class.class_name AS class_name,art_class.link_url AS link_url,art_class.pids AS pids,art_class.model_id AS model_id,art_class.valid AS class_valid,model.model_id AS model_id,model.model_name AS model_name,model.valid AS model_valid FROM voc_art art LEFT JOIN voc_art_class art_class ON art.cid=art_class.cid  JOIN voc_model model ON art.model_id=model.model_id WHERE art.cid IN ('13') AND art.model_id = '20' AND art.status = 1 AND art_class.valid = 1 ORDER BY art.is_top desc,art.sort asc,art.pubdate desc,art.addtime desc LIMIT 4   [ RunTime:0.0010s ]
SQL: SELECT `art_class` FROM `voc_model` WHERE ( model_id=14 ) LIMIT 1   [ RunTime:0.0010s ]
SQL: SELECT art.aid AS aid,art.model_id AS model_id,art.cid AS cid,art.title AS title,art.s_title AS s_title,art.pubdate AS pubdate,art.author AS author,art.reference AS reference,art.link_url AS link_url,art.thumb AS thumb,art.description AS description,art.content AS content,art.pic AS pic,art.video_type AS video_type,art.video AS video,art.media AS media,art.is_top AS is_top,art.is_rec AS is_rec,art.is_hot AS is_hot,art.status AS status,art.is_check AS is_check,art.pass_info AS pass_info,art.is_show AS is_show,art.hits AS hits,art.sort AS sort,art.addtime AS addtime,art.updatetime AS updatetime,art.ext1 AS ext1,art.ext2 AS ext2,art_class.cid AS cid,art_class.class_name AS class_name,art_class.link_url AS link_url,art_class.pids AS pids,art_class.model_id AS model_id,art_class.valid AS class_valid,model.model_id AS model_id,model.model_name AS model_name,model.valid AS model_valid FROM voc_art art LEFT JOIN voc_art_class art_class ON art.cid=art_class.cid  JOIN voc_model model ON art.model_id=model.model_id WHERE art.model_id = '14' AND art.status = 1 ORDER BY art.is_top desc,art.sort asc,art.pubdate desc,art.addtime desc LIMIT 4   [ RunTime:0.0010s ]
SQL: SELECT `art_class` FROM `voc_model` WHERE ( model_id=13 ) LIMIT 1   [ RunTime:0.0010s ]
SQL: SELECT art.aid AS aid,art.model_id AS model_id,art.cid AS cid,art.title AS title,art.s_title AS s_title,art.pubdate AS pubdate,art.author AS author,art.reference AS reference,art.link_url AS link_url,art.thumb AS thumb,art.description AS description,art.content AS content,art.pic AS pic,art.video_type AS video_type,art.video AS video,art.media AS media,art.is_top AS is_top,art.is_rec AS is_rec,art.is_hot AS is_hot,art.status AS status,art.is_check AS is_check,art.pass_info AS pass_info,art.is_show AS is_show,art.hits AS hits,art.sort AS sort,art.addtime AS addtime,art.updatetime AS updatetime,art.ext1 AS ext1,art.ext2 AS ext2,art_class.cid AS cid,art_class.class_name AS class_name,art_class.link_url AS link_url,art_class.pids AS pids,art_class.model_id AS model_id,art_class.valid AS class_valid,model.model_id AS model_id,model.model_name AS model_name,model.valid AS model_valid FROM voc_art art LEFT JOIN voc_art_class art_class ON art.cid=art_class.cid  JOIN voc_model model ON art.model_id=model.model_id WHERE art.model_id = '13' AND art.status = 1 ORDER BY art.is_top desc,art.sort asc,art.pubdate desc,art.addtime desc LIMIT 11   [ RunTime:0.0010s ]
SQL: SELECT `art_class` FROM `voc_model` WHERE ( model_id=14 ) LIMIT 1   [ RunTime:0.0000s ]
SQL: SELECT art.aid AS aid,art.model_id AS model_id,art.cid AS cid,art.title AS title,art.s_title AS s_title,art.pubdate AS pubdate,art.author AS author,art.reference AS reference,art.link_url AS link_url,art.thumb AS thumb,art.description AS description,art.content AS content,art.pic AS pic,art.video_type AS video_type,art.video AS video,art.media AS media,art.is_top AS is_top,art.is_rec AS is_rec,art.is_hot AS is_hot,art.status AS status,art.is_check AS is_check,art.pass_info AS pass_info,art.is_show AS is_show,art.hits AS hits,art.sort AS sort,art.addtime AS addtime,art.updatetime AS updatetime,art.ext1 AS ext1,art.ext2 AS ext2,art_class.cid AS cid,art_class.class_name AS class_name,art_class.link_url AS link_url,art_class.pids AS pids,art_class.model_id AS model_id,art_class.valid AS class_valid,model.model_id AS model_id,model.model_name AS model_name,model.valid AS model_valid FROM voc_art art LEFT JOIN voc_art_class art_class ON art.cid=art_class.cid  JOIN voc_model model ON art.model_id=model.model_id WHERE art.model_id = '14' AND art.status = 1 ORDER BY art.is_top desc,art.sort asc,art.pubdate desc,art.addtime desc LIMIT 11   [ RunTime:0.0010s ]
NOTIC: [8] Undefined index: title D:\phps\PHPTutorial\WWW\storehouse\Runtime\Index\Cache\Index\5f343310d4a83e1c2f6d4e5a6181e90a.php 第 218 行.
NOTIC: [8] Undefined index: title D:\phps\PHPTutorial\WWW\storehouse\Runtime\Index\Cache\Index\5f343310d4a83e1c2f6d4e5a6181e90a.php 第 218 行.
NOTIC: [8] Undefined index: title D:\phps\PHPTutorial\WWW\storehouse\Runtime\Index\Cache\Index\5f343310d4a83e1c2f6d4e5a6181e90a.php 第 218 行.
NOTIC: [8] Undefined index: title D:\phps\PHPTutorial\WWW\storehouse\Runtime\Index\Cache\Index\5f343310d4a83e1c2f6d4e5a6181e90a.php 第 218 行.
SQL: SELECT `art_class` FROM `voc_model` WHERE ( model_id=18 ) LIMIT 1   [ RunTime:0.0010s ]
SQL: SELECT art.aid AS aid,art.model_id AS model_id,art.cid AS cid,art.title AS title,art.s_title AS s_title,art.pubdate AS pubdate,art.author AS author,art.reference AS reference,art.link_url AS link_url,art.thumb AS thumb,art.description AS description,art.content AS content,art.pic AS pic,art.video_type AS video_type,art.video AS video,art.media AS media,art.is_top AS is_top,art.is_rec AS is_rec,art.is_hot AS is_hot,art.status AS status,art.is_check AS is_check,art.pass_info AS pass_info,art.is_show AS is_show,art.hits AS hits,art.sort AS sort,art.addtime AS addtime,art.updatetime AS updatetime,art.ext1 AS ext1,art.ext2 AS ext2,art_class.cid AS cid,art_class.class_name AS class_name,art_class.link_url AS link_url,art_class.pids AS pids,art_class.model_id AS model_id,art_class.valid AS class_valid,model.model_id AS model_id,model.model_name AS model_name,model.valid AS model_valid FROM voc_art art LEFT JOIN voc_art_class art_class ON art.cid=art_class.cid  JOIN voc_model model ON art.model_id=model.model_id WHERE art.model_id = '18' AND art.status = 1 AND art_class.valid = 1 ORDER BY art.is_top desc,art.sort asc,art.pubdate desc,art.addtime desc LIMIT 8   [ RunTime:0.0010s ]
SQL: SELECT `art_class` FROM `voc_model` WHERE ( model_id=15 ) LIMIT 1   [ RunTime:0.0000s ]
SQL: SELECT art.aid AS aid,art.model_id AS model_id,art.cid AS cid,art.title AS title,art.s_title AS s_title,art.pubdate AS pubdate,art.author AS author,art.reference AS reference,art.link_url AS link_url,art.thumb AS thumb,art.description AS description,art.content AS content,art.pic AS pic,art.video_type AS video_type,art.video AS video,art.media AS media,art.is_top AS is_top,art.is_rec AS is_rec,art.is_hot AS is_hot,art.status AS status,art.is_check AS is_check,art.pass_info AS pass_info,art.is_show AS is_show,art.hits AS hits,art.sort AS sort,art.addtime AS addtime,art.updatetime AS updatetime,art.ext1 AS ext1,art.ext2 AS ext2,art_class.cid AS cid,art_class.class_name AS class_name,art_class.link_url AS link_url,art_class.pids AS pids,art_class.model_id AS model_id,art_class.valid AS class_valid,model.model_id AS model_id,model.model_name AS model_name,model.valid AS model_valid FROM voc_art art LEFT JOIN voc_art_class art_class ON art.cid=art_class.cid  JOIN voc_model model ON art.model_id=model.model_id WHERE art.model_id = '15' AND art.status = 1 AND art_class.valid = 1 ORDER BY art.is_top desc,art.sort asc,art.pubdate desc,art.addtime desc LIMIT 8   [ RunTime:0.0010s ]
SQL: SELECT `art_class` FROM `voc_model` WHERE ( model_id=17 ) LIMIT 1   [ RunTime:0.0000s ]
SQL: SELECT art.aid AS aid,art.model_id AS model_id,art.cid AS cid,art.title AS title,art.s_title AS s_title,art.pubdate AS pubdate,art.author AS author,art.reference AS reference,art.link_url AS link_url,art.thumb AS thumb,art.description AS description,art.content AS content,art.pic AS pic,art.video_type AS video_type,art.video AS video,art.media AS media,art.is_top AS is_top,art.is_rec AS is_rec,art.is_hot AS is_hot,art.status AS status,art.is_check AS is_check,art.pass_info AS pass_info,art.is_show AS is_show,art.hits AS hits,art.sort AS sort,art.addtime AS addtime,art.updatetime AS updatetime,art.ext1 AS ext1,art.ext2 AS ext2,art_class.cid AS cid,art_class.class_name AS class_name,art_class.link_url AS link_url,art_class.pids AS pids,art_class.model_id AS model_id,art_class.valid AS class_valid,model.model_id AS model_id,model.model_name AS model_name,model.valid AS model_valid FROM voc_art art LEFT JOIN voc_art_class art_class ON art.cid=art_class.cid  JOIN voc_model model ON art.model_id=model.model_id WHERE art.model_id = '17' AND art.status = 1 AND art_class.valid = 1 ORDER BY art.is_top desc,art.sort asc,art.pubdate desc,art.addtime desc LIMIT 8   [ RunTime:0.0010s ]
SQL: SELECT `art_class` FROM `voc_model` WHERE ( model_id=19 ) LIMIT 1   [ RunTime:0.0000s ]
SQL: SELECT art.aid AS aid,art.model_id AS model_id,art.cid AS cid,art.title AS title,art.s_title AS s_title,art.pubdate AS pubdate,art.author AS author,art.reference AS reference,art.link_url AS link_url,art.thumb AS thumb,art.description AS description,art.content AS content,art.pic AS pic,art.video_type AS video_type,art.video AS video,art.media AS media,art.is_top AS is_top,art.is_rec AS is_rec,art.is_hot AS is_hot,art.status AS status,art.is_check AS is_check,art.pass_info AS pass_info,art.is_show AS is_show,art.hits AS hits,art.sort AS sort,art.addtime AS addtime,art.updatetime AS updatetime,art.ext1 AS ext1,art.ext2 AS ext2,art_class.cid AS cid,art_class.class_name AS class_name,art_class.link_url AS link_url,art_class.pids AS pids,art_class.model_id AS model_id,art_class.valid AS class_valid,model.model_id AS model_id,model.model_name AS model_name,model.valid AS model_valid FROM voc_art art LEFT JOIN voc_art_class art_class ON art.cid=art_class.cid  JOIN voc_model model ON art.model_id=model.model_id WHERE art.model_id = '19' AND art.status = 1 AND art_class.valid = 1 ORDER BY art.is_top desc,art.sort asc,art.pubdate desc,art.addtime desc LIMIT 6   [ RunTime:0.0010s ]
NOTIC: [2] Missing argument 1 for yc_get_links(), called in D:\phps\PHPTutorial\WWW\storehouse\Runtime\Index\Cache\Index\5f343310d4a83e1c2f6d4e5a6181e90a.php on line 319 and defined D:\phps\PHPTutorial\WWW\storehouse\Lib\apiFun.php 第 206 行.
NOTIC: [8] Undefined variable: tag D:\phps\PHPTutorial\WWW\storehouse\Lib\apiFun.php 第 207 行.
SQL: SHOW COLUMNS FROM `voc_member` [ RunTime:0.0280s ]
SQL: SELECT * FROM `voc_member` WHERE `is_show` = 1 ORDER BY sort asc,addtime desc LIMIT 8   [ RunTime:0.0090s ]
INFO: Run Behavior\ParseTemplateBehavior [ RunTime:0.287017s ]
INFO: [ view_parse ] --END-- [ RunTime:0.287017s ]
INFO: [ view_filter ] --START--
INFO: Run Behavior\WriteHtmlCacheBehavior [ RunTime:0.008000s ]
INFO: [ view_filter ] --END-- [ RunTime:0.008000s ]
INFO: [ app_end ] --START--
INFO: Run Behavior\ShowPageTraceBehavior [ RunTime:0.033002s ]
INFO: [ app_end ] --END-- [ RunTime:0.033002s ]

