[ 2019-08-31T21:59:42+08:00 ] ::1 /phpstorehouse/admin.php
INFO: [ app_init ] --START--
INFO: Run Behavior\BuildLiteBehavior [ RunTime:0.000000s ]
INFO: [ app_init ] --END-- [ RunTime:0.051003s ]
INFO: [ app_begin ] --START--
INFO: Run Behavior\ReadHtmlCacheBehavior [ RunTime:0.017001s ]
INFO: [ app_begin ] --END-- [ RunTime:0.017001s ]
SQL: SHOW COLUMNS FROM `config` [ RunTime:0.0450s ]
SQL: SELECT * FROM `config` WHERE ( code='web' ) LIMIT 1   [ RunTime:0.0140s ]
INFO: [ view_parse ] --START--
INFO: [ template_filter ] --START--
INFO: Run Behavior\ContentReplaceBehavior [ RunTime:0.001001s ]
INFO: [ template_filter ] --END-- [ RunTime:0.001001s ]
NOTIC: [8] Undefined index: sys_name D:\phps\PHPTutorial\WWW\phpstorehouse\Runtime\Admin\Cache\Admin\b595b808c2ebeeeb0478ffc30bb4e87a.php 第 6 行.
INFO: Run Behavior\ParseTemplateBehavior [ RunTime:0.170009s ]
INFO: [ view_parse ] --END-- [ RunTime:0.170009s ]
INFO: [ view_filter ] --START--
INFO: Run Behavior\WriteHtmlCacheBehavior [ RunTime:0.012001s ]
INFO: [ view_filter ] --END-- [ RunTime:0.012001s ]
INFO: [ app_end ] --START--
INFO: Run Behavior\ShowPageTraceBehavior [ RunTime:0.001000s ]
INFO: [ app_end ] --END-- [ RunTime:0.001000s ]

[ 2019-08-31T21:59:44+08:00 ] ::1 /phpstorehouse/admin.php/Index/verify.html
INFO: [ app_init ] --START--
INFO: Run Behavior\BuildLiteBehavior [ RunTime:0.000000s ]
INFO: [ app_init ] --END-- [ RunTime:0.000000s ]
INFO: [ app_begin ] --START--
INFO: Run Behavior\ReadHtmlCacheBehavior [ RunTime:0.001000s ]
INFO: [ app_begin ] --END-- [ RunTime:0.001000s ]
SQL: SHOW COLUMNS FROM `config` [ RunTime:0.0020s ]
SQL: SELECT * FROM `config` WHERE ( code='web' ) LIMIT 1   [ RunTime:0.0000s ]
INFO: [ app_end ] --START--
INFO: Run Behavior\ShowPageTraceBehavior [ RunTime:0.002000s ]
INFO: [ app_end ] --END-- [ RunTime:0.002000s ]

[ 2019-08-31T21:59:44+08:00 ] ::1 /phpstorehouse/admin.php
INFO: [ app_init ] --START--
INFO: Run Behavior\BuildLiteBehavior [ RunTime:0.000000s ]
INFO: [ app_init ] --END-- [ RunTime:0.022002s ]
INFO: [ app_begin ] --START--
INFO: Run Behavior\ReadHtmlCacheBehavior [ RunTime:0.000000s ]
INFO: [ app_begin ] --END-- [ RunTime:0.000000s ]
SQL: SHOW COLUMNS FROM `config` [ RunTime:0.0040s ]
SQL: SELECT * FROM `config` WHERE ( code='web' ) LIMIT 1   [ RunTime:0.0000s ]
INFO: [ view_parse ] --START--
INFO: [ template_filter ] --START--
INFO: Run Behavior\ContentReplaceBehavior [ RunTime:0.000000s ]
INFO: [ template_filter ] --END-- [ RunTime:0.000000s ]
NOTIC: [8] Undefined index: sys_name D:\phps\PHPTutorial\WWW\phpstorehouse\Runtime\Admin\Cache\Admin\b595b808c2ebeeeb0478ffc30bb4e87a.php 第 6 行.
INFO: Run Behavior\ParseTemplateBehavior [ RunTime:0.007001s ]
INFO: [ view_parse ] --END-- [ RunTime:0.007001s ]
INFO: [ view_filter ] --START--
INFO: Run Behavior\WriteHtmlCacheBehavior [ RunTime:0.000000s ]
INFO: [ view_filter ] --END-- [ RunTime:0.000000s ]
INFO: [ app_end ] --START--
INFO: Run Behavior\ShowPageTraceBehavior [ RunTime:0.000000s ]
INFO: [ app_end ] --END-- [ RunTime:0.000000s ]

[ 2019-08-31T22:00:01+08:00 ] ::1 /phpstorehouse/admin.php/Index/doLogin.html
INFO: [ app_init ] --START--
INFO: Run Behavior\BuildLiteBehavior [ RunTime:0.000000s ]
INFO: [ app_init ] --END-- [ RunTime:0.000000s ]
INFO: [ app_begin ] --START--
INFO: Run Behavior\ReadHtmlCacheBehavior [ RunTime:0.001000s ]
INFO: [ app_begin ] --END-- [ RunTime:0.001000s ]
SQL: SHOW COLUMNS FROM `config` [ RunTime:0.0020s ]
SQL: SELECT * FROM `config` WHERE ( code='web' ) LIMIT 1   [ RunTime:0.0000s ]
SQL: SHOW COLUMNS FROM `admin` [ RunTime:0.1650s ]
SQL: SELECT * FROM `admin` WHERE `aname` = 'admin' AND `pwd` = 'e10adc3949ba59abbe56e057f20f883e' AND `valid` = 1 LIMIT 1   [ RunTime:0.0010s ]

[ 2019-08-31T22:00:03+08:00 ] ::1 /phpstorehouse/admin.php/Main/index.html
INFO: [ app_init ] --START--
INFO: Run Behavior\BuildLiteBehavior [ RunTime:0.000000s ]
INFO: [ app_init ] --END-- [ RunTime:0.000000s ]
INFO: [ app_begin ] --START--
INFO: Run Behavior\ReadHtmlCacheBehavior [ RunTime:0.001000s ]
INFO: [ app_begin ] --END-- [ RunTime:0.001000s ]
SQL: SHOW COLUMNS FROM `config` [ RunTime:0.0020s ]
SQL: SELECT * FROM `config` WHERE ( code='web' ) LIMIT 1   [ RunTime:0.0000s ]
SQL: SHOW COLUMNS FROM `dictionary` [ RunTime:0.0310s ]
SQL: SHOW COLUMNS FROM `admin` [ RunTime:0.0020s ]
SQL: SHOW COLUMNS FROM `admin_role` [ RunTime:0.0480s ]
SQL: SELECT admin.aid AS aid,admin.aname AS aname,admin.pwd AS pwd,admin.realname AS realname,admin.valid AS valid,admin.ar_id AS ar_id,admin.tel AS tel,admin.addtime AS addtime,admin.updatetime AS updatetime,admin_role.ar_name AS ar_name,admin_role.ap_codes AS ap_codes FROM admin admin LEFT JOIN admin_role admin_role ON admin.ar_id=admin_role.ar_id WHERE admin.aname = 'admin' AND admin.pwd = 'e10adc3949ba59abbe56e057f20f883e' AND admin.valid = 1 LIMIT 1   [ RunTime:0.0090s ]
SQL: SELECT `ap_codes` FROM `admin_role` WHERE `ar_id` = 1 LIMIT 1   [ RunTime:0.0000s ]
INFO: [ view_parse ] --START--
INFO: [ template_filter ] --START--
INFO: Run Behavior\ContentReplaceBehavior [ RunTime:0.000000s ]
INFO: [ template_filter ] --END-- [ RunTime:0.000000s ]
INFO: Run Behavior\ParseTemplateBehavior [ RunTime:0.053003s ]
INFO: [ view_parse ] --END-- [ RunTime:0.053003s ]
INFO: [ view_filter ] --START--
INFO: Run Behavior\WriteHtmlCacheBehavior [ RunTime:0.000000s ]
INFO: [ view_filter ] --END-- [ RunTime:0.000000s ]
INFO: [ app_end ] --START--
INFO: Run Behavior\ShowPageTraceBehavior [ RunTime:0.001000s ]
INFO: [ app_end ] --END-- [ RunTime:0.001000s ]

[ 2019-08-31T22:00:03+08:00 ] ::1 /phpstorehouse/admin.php/Main/top.html
INFO: [ app_init ] --START--
INFO: Run Behavior\BuildLiteBehavior [ RunTime:0.000000s ]
INFO: [ app_init ] --END-- [ RunTime:0.000000s ]
INFO: [ app_begin ] --START--
INFO: Run Behavior\ReadHtmlCacheBehavior [ RunTime:0.000000s ]
INFO: [ app_begin ] --END-- [ RunTime:0.000000s ]
SQL: SHOW COLUMNS FROM `config` [ RunTime:0.0020s ]
SQL: SELECT * FROM `config` WHERE ( code='web' ) LIMIT 1   [ RunTime:0.0000s ]
SQL: SHOW COLUMNS FROM `dictionary` [ RunTime:0.0030s ]
SQL: SHOW COLUMNS FROM `admin_role` [ RunTime:0.0020s ]
SQL: SELECT `ap_codes` FROM `admin_role` WHERE `ar_id` = 1 LIMIT 1   [ RunTime:0.0000s ]
INFO: [ view_parse ] --START--
INFO: [ template_filter ] --START--
INFO: Run Behavior\ContentReplaceBehavior [ RunTime:0.000000s ]
INFO: [ template_filter ] --END-- [ RunTime:0.000000s ]
NOTIC: [8] Undefined index: sys_name D:\phps\PHPTutorial\WWW\phpstorehouse\Runtime\Admin\Cache\Admin\4ed54719134818f873ee1e2d5ba6abad.php 第 5 行.
INFO: Run Behavior\ParseTemplateBehavior [ RunTime:0.057003s ]
INFO: [ view_parse ] --END-- [ RunTime:0.057003s ]
INFO: [ view_filter ] --START--
INFO: Run Behavior\WriteHtmlCacheBehavior [ RunTime:0.000000s ]
INFO: [ view_filter ] --END-- [ RunTime:0.000000s ]
INFO: [ app_end ] --START--
INFO: Run Behavior\ShowPageTraceBehavior [ RunTime:0.001000s ]
INFO: [ app_end ] --END-- [ RunTime:0.001000s ]

[ 2019-08-31T22:00:03+08:00 ] ::1 /phpstorehouse/admin.php/Main/main.html
INFO: [ app_init ] --START--
INFO: Run Behavior\BuildLiteBehavior [ RunTime:0.000000s ]
INFO: [ app_init ] --END-- [ RunTime:0.000000s ]
INFO: [ app_begin ] --START--
INFO: Run Behavior\ReadHtmlCacheBehavior [ RunTime:0.000000s ]
INFO: [ app_begin ] --END-- [ RunTime:0.000000s ]
SQL: SHOW COLUMNS FROM `config` [ RunTime:0.0020s ]
SQL: SELECT * FROM `config` WHERE ( code='web' ) LIMIT 1   [ RunTime:0.0000s ]
SQL: SHOW COLUMNS FROM `dictionary` [ RunTime:0.0010s ]
SQL: SHOW COLUMNS FROM `admin_role` [ RunTime:0.0010s ]
SQL: SELECT `ap_codes` FROM `admin_role` WHERE `ar_id` = 1 LIMIT 1   [ RunTime:0.0000s ]
SQL: SHOW COLUMNS FROM `jiedian1` [ RunTime:0.0490s ]
SQL: SELECT * FROM `jiedian1`  [ RunTime:0.0000s ]
INFO: [ view_parse ] --START--
INFO: [ template_filter ] --START--
INFO: Run Behavior\ContentReplaceBehavior [ RunTime:0.000000s ]
INFO: [ template_filter ] --END-- [ RunTime:0.000000s ]
NOTIC: [8] Undefined index: sys_name D:\phps\PHPTutorial\WWW\phpstorehouse\Runtime\Admin\Cache\Admin\04e7471929a50157097ce892dc8033c4.php 第 4 行.
INFO: Run Behavior\ParseTemplateBehavior [ RunTime:0.167010s ]
INFO: [ view_parse ] --END-- [ RunTime:0.167010s ]
INFO: [ view_filter ] --START--
INFO: Run Behavior\WriteHtmlCacheBehavior [ RunTime:0.000000s ]
INFO: [ view_filter ] --END-- [ RunTime:0.000000s ]
INFO: [ app_end ] --START--
INFO: Run Behavior\ShowPageTraceBehavior [ RunTime:0.001000s ]
INFO: [ app_end ] --END-- [ RunTime:0.001000s ]

[ 2019-08-31T22:00:03+08:00 ] ::1 /phpstorehouse/admin.php/Main/left.html
INFO: [ app_init ] --START--
INFO: Run Behavior\BuildLiteBehavior [ RunTime:0.000000s ]
INFO: [ app_init ] --END-- [ RunTime:0.000000s ]
INFO: [ app_begin ] --START--
INFO: Run Behavior\ReadHtmlCacheBehavior [ RunTime:0.000000s ]
INFO: [ app_begin ] --END-- [ RunTime:0.000000s ]
SQL: SHOW COLUMNS FROM `config` [ RunTime:0.0030s ]
SQL: SELECT * FROM `config` WHERE ( code='web' ) LIMIT 1   [ RunTime:0.0010s ]
SQL: SHOW COLUMNS FROM `dictionary` [ RunTime:0.0010s ]
SQL: SHOW COLUMNS FROM `admin_role` [ RunTime:0.0010s ]
SQL: SELECT `ap_codes` FROM `admin_role` WHERE `ar_id` = 1 LIMIT 1   [ RunTime:0.0000s ]
INFO: [ view_parse ] --START--
INFO: [ template_filter ] --START--
INFO: Run Behavior\ContentReplaceBehavior [ RunTime:0.000000s ]
INFO: [ template_filter ] --END-- [ RunTime:0.000000s ]
NOTIC: [8] Undefined index: sys_name D:\phps\PHPTutorial\WWW\phpstorehouse\Runtime\Admin\Cache\Admin\1b87400a8028c67ea252084b4f2cbce5.php 第 5 行.
NOTIC: [8] Undefined variable: power D:\phps\PHPTutorial\WWW\phpstorehouse\Runtime\Admin\Cache\Admin\1b87400a8028c67ea252084b4f2cbce5.php 第 154 行.
INFO: Run Behavior\ParseTemplateBehavior [ RunTime:0.116006s ]
INFO: [ view_parse ] --END-- [ RunTime:0.116006s ]
INFO: [ view_filter ] --START--
INFO: Run Behavior\WriteHtmlCacheBehavior [ RunTime:0.000000s ]
INFO: [ view_filter ] --END-- [ RunTime:0.000000s ]
INFO: [ app_end ] --START--
INFO: Run Behavior\ShowPageTraceBehavior [ RunTime:0.001000s ]
INFO: [ app_end ] --END-- [ RunTime:0.001000s ]

[ 2019-08-31T22:00:04+08:00 ] ::1 /phpstorehouse/admin.php/Main/footer.html
INFO: [ app_init ] --START--
INFO: Run Behavior\BuildLiteBehavior [ RunTime:0.000000s ]
INFO: [ app_init ] --END-- [ RunTime:0.000000s ]
INFO: [ app_begin ] --START--
INFO: Run Behavior\ReadHtmlCacheBehavior [ RunTime:0.000000s ]
INFO: [ app_begin ] --END-- [ RunTime:0.000000s ]
SQL: SHOW COLUMNS FROM `config` [ RunTime:0.0020s ]
SQL: SELECT * FROM `config` WHERE ( code='web' ) LIMIT 1   [ RunTime:0.0000s ]
SQL: SHOW COLUMNS FROM `dictionary` [ RunTime:0.0010s ]
SQL: SHOW COLUMNS FROM `admin_role` [ RunTime:0.0020s ]
SQL: SELECT `ap_codes` FROM `admin_role` WHERE `ar_id` = 1 LIMIT 1   [ RunTime:0.0000s ]
INFO: [ view_parse ] --START--
INFO: [ template_filter ] --START--
INFO: Run Behavior\ContentReplaceBehavior [ RunTime:0.000000s ]
INFO: [ template_filter ] --END-- [ RunTime:0.000000s ]
NOTIC: [8] Undefined index: sys_name D:\phps\PHPTutorial\WWW\phpstorehouse\Runtime\Admin\Cache\Admin\738213e29422e2f8c83eae40bf2e5adc.php 第 6 行.
INFO: Run Behavior\ParseTemplateBehavior [ RunTime:0.007000s ]
INFO: [ view_parse ] --END-- [ RunTime:0.007000s ]
INFO: [ view_filter ] --START--
INFO: Run Behavior\WriteHtmlCacheBehavior [ RunTime:0.000000s ]
INFO: [ view_filter ] --END-- [ RunTime:0.000000s ]
INFO: [ app_end ] --START--
INFO: Run Behavior\ShowPageTraceBehavior [ RunTime:0.001000s ]
INFO: [ app_end ] --END-- [ RunTime:0.001000s ]

[ 2019-08-31T22:00:04+08:00 ] ::1 /phpstorehouse/admin.php/Main/left.html
INFO: [ app_init ] --START--
INFO: Run Behavior\BuildLiteBehavior [ RunTime:0.000000s ]
INFO: [ app_init ] --END-- [ RunTime:0.000000s ]
INFO: [ app_begin ] --START--
INFO: Run Behavior\ReadHtmlCacheBehavior [ RunTime:0.001000s ]
INFO: [ app_begin ] --END-- [ RunTime:0.001000s ]
SQL: SHOW COLUMNS FROM `config` [ RunTime:0.0010s ]
SQL: SELECT * FROM `config` WHERE ( code='web' ) LIMIT 1   [ RunTime:0.0000s ]
SQL: SHOW COLUMNS FROM `dictionary` [ RunTime:0.0020s ]
SQL: SHOW COLUMNS FROM `admin_role` [ RunTime:0.0010s ]
SQL: SELECT `ap_codes` FROM `admin_role` WHERE `ar_id` = 1 LIMIT 1   [ RunTime:0.0010s ]
INFO: [ view_parse ] --START--
INFO: [ template_filter ] --START--
INFO: Run Behavior\ContentReplaceBehavior [ RunTime:0.000000s ]
INFO: [ template_filter ] --END-- [ RunTime:0.000000s ]
NOTIC: [8] Undefined index: sys_name D:\phps\PHPTutorial\WWW\phpstorehouse\Runtime\Admin\Cache\Admin\1b87400a8028c67ea252084b4f2cbce5.php 第 5 行.
NOTIC: [8] Undefined variable: power D:\phps\PHPTutorial\WWW\phpstorehouse\Runtime\Admin\Cache\Admin\1b87400a8028c67ea252084b4f2cbce5.php 第 154 行.
INFO: Run Behavior\ParseTemplateBehavior [ RunTime:0.008000s ]
INFO: [ view_parse ] --END-- [ RunTime:0.008000s ]
INFO: [ view_filter ] --START--
INFO: Run Behavior\WriteHtmlCacheBehavior [ RunTime:0.000000s ]
INFO: [ view_filter ] --END-- [ RunTime:0.000000s ]
INFO: [ app_end ] --START--
INFO: Run Behavior\ShowPageTraceBehavior [ RunTime:0.001000s ]
INFO: [ app_end ] --END-- [ RunTime:0.001000s ]

[ 2019-08-31T22:00:07+08:00 ] ::1 /phpstorehouse/admin.php/Goods/index.html
INFO: [ app_init ] --START--
INFO: Run Behavior\BuildLiteBehavior [ RunTime:0.000000s ]
INFO: [ app_init ] --END-- [ RunTime:0.001000s ]
INFO: [ app_begin ] --START--
INFO: Run Behavior\ReadHtmlCacheBehavior [ RunTime:0.001000s ]
INFO: [ app_begin ] --END-- [ RunTime:0.001000s ]
SQL: SHOW COLUMNS FROM `config` [ RunTime:0.0040s ]
SQL: SELECT * FROM `config` WHERE ( code='web' ) LIMIT 1   [ RunTime:0.0000s ]
SQL: SHOW COLUMNS FROM `dictionary` [ RunTime:0.0050s ]
SQL: SHOW COLUMNS FROM `admin_role` [ RunTime:0.0050s ]
SQL: SELECT `ap_codes` FROM `admin_role` WHERE `ar_id` = 1 LIMIT 1   [ RunTime:0.0010s ]
SQL: SELECT `ap_codes` FROM `admin_role` WHERE `ar_id` = 1 LIMIT 1   [ RunTime:0.0000s ]
SQL: SELECT * FROM `config` WHERE `code` = 'logLevel' LIMIT 1   [ RunTime:0.0000s ]
NOTIC: [2] in_array() expects parameter 2 to be array, null given D:\phps\PHPTutorial\WWW\phpstorehouse\Application\Admin\Controller\AdminBaseController.class.php 第 85 行.
SQL: SHOW COLUMNS FROM `goods` [ RunTime:0.0440s ]
SQL: SHOW COLUMNS FROM `manufacturer` [ RunTime:0.0470s ]
SQL: SELECT COUNT(*) AS tp_count FROM goods goods LEFT JOIN manufacturer manufacturer ON goods.ma_id=manufacturer.ma_id LIMIT 1   [ RunTime:0.0010s ]
SQL: SELECT goods.go_id AS go_id,goods.ma_id AS ma_id,goods.go_name AS go_name,goods.go_engname AS go_engname,goods.go_size AS go_size,goods.go_price AS go_price,goods.go_picture AS go_picture,manufacturer.ma_name AS ma_name FROM goods goods LEFT JOIN manufacturer manufacturer ON goods.ma_id=manufacturer.ma_id ORDER BY goods.go_id desc LIMIT 0,15   [ RunTime:0.0010s ]
NOTIC: [8] Undefined variable: list D:\phps\PHPTutorial\WWW\phpstorehouse\Application\Admin\Controller\GoodsController.class.php 第 48 行.
INFO: [ view_parse ] --START--
INFO: [ template_filter ] --START--
INFO: Run Behavior\ContentReplaceBehavior [ RunTime:0.001000s ]
INFO: [ template_filter ] --END-- [ RunTime:0.001000s ]
NOTIC: [8] Undefined variable: keyword D:\phps\PHPTutorial\WWW\phpstorehouse\Runtime\Admin\Cache\Admin\7460c3bd08e8aaf3e719467d6ea19bd3.php 第 137 行.
NOTIC: [8] Undefined index: name D:\phps\PHPTutorial\WWW\phpstorehouse\Runtime\Admin\Cache\Admin\7460c3bd08e8aaf3e719467d6ea19bd3.php 第 182 行.
NOTIC: [8] Undefined index: name D:\phps\PHPTutorial\WWW\phpstorehouse\Runtime\Admin\Cache\Admin\7460c3bd08e8aaf3e719467d6ea19bd3.php 第 182 行.
NOTIC: [8] Undefined index: name D:\phps\PHPTutorial\WWW\phpstorehouse\Runtime\Admin\Cache\Admin\7460c3bd08e8aaf3e719467d6ea19bd3.php 第 182 行.
NOTIC: [8] Undefined index: name D:\phps\PHPTutorial\WWW\phpstorehouse\Runtime\Admin\Cache\Admin\7460c3bd08e8aaf3e719467d6ea19bd3.php 第 182 行.
NOTIC: [8] Undefined index: name D:\phps\PHPTutorial\WWW\phpstorehouse\Runtime\Admin\Cache\Admin\7460c3bd08e8aaf3e719467d6ea19bd3.php 第 182 行.
NOTIC: [8] Undefined index: name D:\phps\PHPTutorial\WWW\phpstorehouse\Runtime\Admin\Cache\Admin\7460c3bd08e8aaf3e719467d6ea19bd3.php 第 182 行.
INFO: Run Behavior\ParseTemplateBehavior [ RunTime:0.077005s ]
INFO: [ view_parse ] --END-- [ RunTime:0.077005s ]
INFO: [ view_filter ] --START--
INFO: Run Behavior\WriteHtmlCacheBehavior [ RunTime:0.000000s ]
INFO: [ view_filter ] --END-- [ RunTime:0.000000s ]
INFO: [ app_end ] --START--
INFO: Run Behavior\ShowPageTraceBehavior [ RunTime:0.000000s ]
INFO: [ app_end ] --END-- [ RunTime:0.001000s ]

[ 2019-08-31T22:00:08+08:00 ] ::1 /phpstorehouse/admin.php/Goods/index2.html
INFO: [ app_init ] --START--
INFO: Run Behavior\BuildLiteBehavior [ RunTime:0.000000s ]
INFO: [ app_init ] --END-- [ RunTime:0.000000s ]
INFO: [ app_begin ] --START--
INFO: Run Behavior\ReadHtmlCacheBehavior [ RunTime:0.001000s ]
INFO: [ app_begin ] --END-- [ RunTime:0.001000s ]
SQL: SHOW COLUMNS FROM `config` [ RunTime:0.0020s ]
SQL: SELECT * FROM `config` WHERE ( code='web' ) LIMIT 1   [ RunTime:0.0000s ]
SQL: SHOW COLUMNS FROM `dictionary` [ RunTime:0.0010s ]
SQL: SHOW COLUMNS FROM `admin_role` [ RunTime:0.0020s ]
SQL: SELECT `ap_codes` FROM `admin_role` WHERE `ar_id` = 1 LIMIT 1   [ RunTime:0.0000s ]
SQL: SELECT `ap_codes` FROM `admin_role` WHERE `ar_id` = 1 LIMIT 1   [ RunTime:0.0000s ]
SQL: SELECT * FROM `config` WHERE `code` = 'logLevel' LIMIT 1   [ RunTime:0.0010s ]
NOTIC: [2] in_array() expects parameter 2 to be array, null given D:\phps\PHPTutorial\WWW\phpstorehouse\Application\Admin\Controller\AdminBaseController.class.php 第 85 行.
SQL: SHOW COLUMNS FROM `stock` [ RunTime:0.0380s ]
SQL: SHOW COLUMNS FROM `warehouse` [ RunTime:0.0670s ]
SQL: SHOW COLUMNS FROM `goods` [ RunTime:0.0040s ]
SQL: SHOW COLUMNS FROM `manufacturer` [ RunTime:0.0030s ]
SQL: SELECT COUNT(*) AS tp_count FROM stock stock LEFT JOIN warehouse warehouse ON stock.wa_id=warehouse.wa_id  JOIN goods goods ON stock.go_id=goods.go_id  JOIN manufacturer manufacturer ON goods.ma_id=manufacturer.ma_id LIMIT 1   [ RunTime:0.0010s ]
SQL: SELECT stock.go_id AS go_id,stock.wa_id AS wa_id,stock.go_num AS go_num,warehouse.wa_name AS wa_name,goods.go_id AS go_id,goods.ma_id AS ma_id,goods.go_name AS go_name,goods.go_engname AS go_engname,goods.go_size AS go_size,goods.go_price AS go_price,goods.go_picture AS go_picture,manufacturer.ma_name AS ma_name FROM stock stock LEFT JOIN warehouse warehouse ON stock.wa_id=warehouse.wa_id  JOIN goods goods ON stock.go_id=goods.go_id  JOIN manufacturer manufacturer ON goods.ma_id=manufacturer.ma_id ORDER BY stock.go_id desc LIMIT 0,15   [ RunTime:0.0010s ]
INFO: [ view_parse ] --START--
INFO: [ template_filter ] --START--
INFO: Run Behavior\ContentReplaceBehavior [ RunTime:0.000000s ]
INFO: [ template_filter ] --END-- [ RunTime:0.000000s ]
NOTIC: [8] Undefined variable: keyword D:\phps\PHPTutorial\WWW\phpstorehouse\Runtime\Admin\Cache\Admin\2ad5e468afd43ccbc9a821541efc304d.php 第 126 行.
INFO: Run Behavior\ParseTemplateBehavior [ RunTime:0.044002s ]
INFO: [ view_parse ] --END-- [ RunTime:0.044002s ]
INFO: [ view_filter ] --START--
INFO: Run Behavior\WriteHtmlCacheBehavior [ RunTime:0.001000s ]
INFO: [ view_filter ] --END-- [ RunTime:0.001000s ]
INFO: [ app_end ] --START--
INFO: Run Behavior\ShowPageTraceBehavior [ RunTime:0.001000s ]
INFO: [ app_end ] --END-- [ RunTime:0.001000s ]

[ 2019-08-31T22:00:08+08:00 ] ::1 /phpstorehouse/admin.php/Goods/index.html
INFO: [ app_init ] --START--
INFO: Run Behavior\BuildLiteBehavior [ RunTime:0.000000s ]
INFO: [ app_init ] --END-- [ RunTime:0.000000s ]
INFO: [ app_begin ] --START--
INFO: Run Behavior\ReadHtmlCacheBehavior [ RunTime:0.001000s ]
INFO: [ app_begin ] --END-- [ RunTime:0.001000s ]
SQL: SHOW COLUMNS FROM `config` [ RunTime:0.0010s ]
SQL: SELECT * FROM `config` WHERE ( code='web' ) LIMIT 1   [ RunTime:0.0000s ]
SQL: SHOW COLUMNS FROM `dictionary` [ RunTime:0.0020s ]
SQL: SHOW COLUMNS FROM `admin_role` [ RunTime:0.0010s ]
SQL: SELECT `ap_codes` FROM `admin_role` WHERE `ar_id` = 1 LIMIT 1   [ RunTime:0.0000s ]
SQL: SELECT `ap_codes` FROM `admin_role` WHERE `ar_id` = 1 LIMIT 1   [ RunTime:0.0000s ]
SQL: SELECT * FROM `config` WHERE `code` = 'logLevel' LIMIT 1   [ RunTime:0.0000s ]
NOTIC: [2] in_array() expects parameter 2 to be array, null given D:\phps\PHPTutorial\WWW\phpstorehouse\Application\Admin\Controller\AdminBaseController.class.php 第 85 行.
SQL: SHOW COLUMNS FROM `goods` [ RunTime:0.0020s ]
SQL: SHOW COLUMNS FROM `manufacturer` [ RunTime:0.0010s ]
SQL: SELECT COUNT(*) AS tp_count FROM goods goods LEFT JOIN manufacturer manufacturer ON goods.ma_id=manufacturer.ma_id LIMIT 1   [ RunTime:0.0000s ]
SQL: SELECT goods.go_id AS go_id,goods.ma_id AS ma_id,goods.go_name AS go_name,goods.go_engname AS go_engname,goods.go_size AS go_size,goods.go_price AS go_price,goods.go_picture AS go_picture,manufacturer.ma_name AS ma_name FROM goods goods LEFT JOIN manufacturer manufacturer ON goods.ma_id=manufacturer.ma_id ORDER BY goods.go_id desc LIMIT 0,15   [ RunTime:0.0000s ]
NOTIC: [8] Undefined variable: list D:\phps\PHPTutorial\WWW\phpstorehouse\Application\Admin\Controller\GoodsController.class.php 第 48 行.
INFO: [ view_parse ] --START--
INFO: [ template_filter ] --START--
INFO: Run Behavior\ContentReplaceBehavior [ RunTime:0.000000s ]
INFO: [ template_filter ] --END-- [ RunTime:0.000000s ]
NOTIC: [8] Undefined variable: keyword D:\phps\PHPTutorial\WWW\phpstorehouse\Runtime\Admin\Cache\Admin\7460c3bd08e8aaf3e719467d6ea19bd3.php 第 137 行.
NOTIC: [8] Undefined index: name D:\phps\PHPTutorial\WWW\phpstorehouse\Runtime\Admin\Cache\Admin\7460c3bd08e8aaf3e719467d6ea19bd3.php 第 182 行.
NOTIC: [8] Undefined index: name D:\phps\PHPTutorial\WWW\phpstorehouse\Runtime\Admin\Cache\Admin\7460c3bd08e8aaf3e719467d6ea19bd3.php 第 182 行.
NOTIC: [8] Undefined index: name D:\phps\PHPTutorial\WWW\phpstorehouse\Runtime\Admin\Cache\Admin\7460c3bd08e8aaf3e719467d6ea19bd3.php 第 182 行.
NOTIC: [8] Undefined index: name D:\phps\PHPTutorial\WWW\phpstorehouse\Runtime\Admin\Cache\Admin\7460c3bd08e8aaf3e719467d6ea19bd3.php 第 182 行.
NOTIC: [8] Undefined index: name D:\phps\PHPTutorial\WWW\phpstorehouse\Runtime\Admin\Cache\Admin\7460c3bd08e8aaf3e719467d6ea19bd3.php 第 182 行.
NOTIC: [8] Undefined index: name D:\phps\PHPTutorial\WWW\phpstorehouse\Runtime\Admin\Cache\Admin\7460c3bd08e8aaf3e719467d6ea19bd3.php 第 182 行.
INFO: Run Behavior\ParseTemplateBehavior [ RunTime:0.008000s ]
INFO: [ view_parse ] --END-- [ RunTime:0.008000s ]
INFO: [ view_filter ] --START--
INFO: Run Behavior\WriteHtmlCacheBehavior [ RunTime:0.000000s ]
INFO: [ view_filter ] --END-- [ RunTime:0.000000s ]
INFO: [ app_end ] --START--
INFO: Run Behavior\ShowPageTraceBehavior [ RunTime:0.000000s ]
INFO: [ app_end ] --END-- [ RunTime:0.000000s ]

[ 2019-08-31T22:00:09+08:00 ] ::1 /phpstorehouse/admin.php/Goods/index2.html
INFO: [ app_init ] --START--
INFO: Run Behavior\BuildLiteBehavior [ RunTime:0.000000s ]
INFO: [ app_init ] --END-- [ RunTime:0.001000s ]
INFO: [ app_begin ] --START--
INFO: Run Behavior\ReadHtmlCacheBehavior [ RunTime:0.001000s ]
INFO: [ app_begin ] --END-- [ RunTime:0.001000s ]
SQL: SHOW COLUMNS FROM `config` [ RunTime:0.0020s ]
SQL: SELECT * FROM `config` WHERE ( code='web' ) LIMIT 1   [ RunTime:0.0000s ]
SQL: SHOW COLUMNS FROM `dictionary` [ RunTime:0.0010s ]
SQL: SHOW COLUMNS FROM `admin_role` [ RunTime:0.0020s ]
SQL: SELECT `ap_codes` FROM `admin_role` WHERE `ar_id` = 1 LIMIT 1   [ RunTime:0.0000s ]
SQL: SELECT `ap_codes` FROM `admin_role` WHERE `ar_id` = 1 LIMIT 1   [ RunTime:0.0000s ]
SQL: SELECT * FROM `config` WHERE `code` = 'logLevel' LIMIT 1   [ RunTime:0.0000s ]
NOTIC: [2] in_array() expects parameter 2 to be array, null given D:\phps\PHPTutorial\WWW\phpstorehouse\Application\Admin\Controller\AdminBaseController.class.php 第 85 行.
SQL: SHOW COLUMNS FROM `stock` [ RunTime:0.0020s ]
SQL: SHOW COLUMNS FROM `warehouse` [ RunTime:0.0010s ]
SQL: SHOW COLUMNS FROM `goods` [ RunTime:0.0010s ]
SQL: SHOW COLUMNS FROM `manufacturer` [ RunTime:0.0020s ]
SQL: SELECT COUNT(*) AS tp_count FROM stock stock LEFT JOIN warehouse warehouse ON stock.wa_id=warehouse.wa_id  JOIN goods goods ON stock.go_id=goods.go_id  JOIN manufacturer manufacturer ON goods.ma_id=manufacturer.ma_id LIMIT 1   [ RunTime:0.0000s ]
SQL: SELECT stock.go_id AS go_id,stock.wa_id AS wa_id,stock.go_num AS go_num,warehouse.wa_name AS wa_name,goods.go_id AS go_id,goods.ma_id AS ma_id,goods.go_name AS go_name,goods.go_engname AS go_engname,goods.go_size AS go_size,goods.go_price AS go_price,goods.go_picture AS go_picture,manufacturer.ma_name AS ma_name FROM stock stock LEFT JOIN warehouse warehouse ON stock.wa_id=warehouse.wa_id  JOIN goods goods ON stock.go_id=goods.go_id  JOIN manufacturer manufacturer ON goods.ma_id=manufacturer.ma_id ORDER BY stock.go_id desc LIMIT 0,15   [ RunTime:0.0000s ]
INFO: [ view_parse ] --START--
INFO: [ template_filter ] --START--
INFO: Run Behavior\ContentReplaceBehavior [ RunTime:0.000000s ]
INFO: [ template_filter ] --END-- [ RunTime:0.000000s ]
NOTIC: [8] Undefined variable: keyword D:\phps\PHPTutorial\WWW\phpstorehouse\Runtime\Admin\Cache\Admin\2ad5e468afd43ccbc9a821541efc304d.php 第 126 行.
INFO: Run Behavior\ParseTemplateBehavior [ RunTime:0.008000s ]
INFO: [ view_parse ] --END-- [ RunTime:0.008000s ]
INFO: [ view_filter ] --START--
INFO: Run Behavior\WriteHtmlCacheBehavior [ RunTime:0.001000s ]
INFO: [ view_filter ] --END-- [ RunTime:0.001000s ]
INFO: [ app_end ] --START--
INFO: Run Behavior\ShowPageTraceBehavior [ RunTime:0.000000s ]
INFO: [ app_end ] --END-- [ RunTime:0.000000s ]

[ 2019-08-31T22:00:10+08:00 ] ::1 /phpstorehouse/admin.php/Manufacturer/index.html
INFO: [ app_init ] --START--
INFO: Run Behavior\BuildLiteBehavior [ RunTime:0.000000s ]
INFO: [ app_init ] --END-- [ RunTime:0.001000s ]
INFO: [ app_begin ] --START--
INFO: Run Behavior\ReadHtmlCacheBehavior [ RunTime:0.001000s ]
INFO: [ app_begin ] --END-- [ RunTime:0.001000s ]
SQL: SHOW COLUMNS FROM `config` [ RunTime:0.0030s ]
SQL: SELECT * FROM `config` WHERE ( code='web' ) LIMIT 1   [ RunTime:0.0000s ]
SQL: SHOW COLUMNS FROM `dictionary` [ RunTime:0.0030s ]
SQL: SHOW COLUMNS FROM `admin_role` [ RunTime:0.0020s ]
SQL: SELECT `ap_codes` FROM `admin_role` WHERE `ar_id` = 1 LIMIT 1   [ RunTime:0.0000s ]
SQL: SELECT `ap_codes` FROM `admin_role` WHERE `ar_id` = 1 LIMIT 1   [ RunTime:0.0010s ]
SQL: SELECT * FROM `config` WHERE `code` = 'logLevel' LIMIT 1   [ RunTime:0.0000s ]
NOTIC: [2] in_array() expects parameter 2 to be array, null given D:\phps\PHPTutorial\WWW\phpstorehouse\Application\Admin\Controller\AdminBaseController.class.php 第 85 行.
SQL: SHOW COLUMNS FROM `manufacturer` [ RunTime:0.0020s ]
SQL: SELECT COUNT(*) AS tp_count FROM `manufacturer` LIMIT 1   [ RunTime:0.0000s ]
SQL: SELECT * FROM `manufacturer` ORDER BY ma_id desc LIMIT 0,15   [ RunTime:0.0000s ]
INFO: [ view_parse ] --START--
INFO: [ template_filter ] --START--
INFO: Run Behavior\ContentReplaceBehavior [ RunTime:0.000000s ]
INFO: [ template_filter ] --END-- [ RunTime:0.000000s ]
NOTIC: [8] Undefined variable: keyword D:\phps\PHPTutorial\WWW\phpstorehouse\Runtime\Admin\Cache\Admin\055f3e31b4b6658bd9f4087e4a392570.php 第 136 行.
NOTIC: [8] Undefined index: student_id D:\phps\PHPTutorial\WWW\phpstorehouse\Runtime\Admin\Cache\Admin\055f3e31b4b6658bd9f4087e4a392570.php 第 165 行.
NOTIC: [8] Undefined index: name D:\phps\PHPTutorial\WWW\phpstorehouse\Runtime\Admin\Cache\Admin\055f3e31b4b6658bd9f4087e4a392570.php 第 177 行.
NOTIC: [8] Undefined index: student_id D:\phps\PHPTutorial\WWW\phpstorehouse\Runtime\Admin\Cache\Admin\055f3e31b4b6658bd9f4087e4a392570.php 第 165 行.
NOTIC: [8] Undefined index: name D:\phps\PHPTutorial\WWW\phpstorehouse\Runtime\Admin\Cache\Admin\055f3e31b4b6658bd9f4087e4a392570.php 第 177 行.
NOTIC: [8] Undefined index: student_id D:\phps\PHPTutorial\WWW\phpstorehouse\Runtime\Admin\Cache\Admin\055f3e31b4b6658bd9f4087e4a392570.php 第 165 行.
NOTIC: [8] Undefined index: name D:\phps\PHPTutorial\WWW\phpstorehouse\Runtime\Admin\Cache\Admin\055f3e31b4b6658bd9f4087e4a392570.php 第 177 行.
INFO: Run Behavior\ParseTemplateBehavior [ RunTime:0.027002s ]
INFO: [ view_parse ] --END-- [ RunTime:0.027002s ]
INFO: [ view_filter ] --START--
INFO: Run Behavior\WriteHtmlCacheBehavior [ RunTime:0.000000s ]
INFO: [ view_filter ] --END-- [ RunTime:0.001000s ]
INFO: [ app_end ] --START--
INFO: Run Behavior\ShowPageTraceBehavior [ RunTime:0.001000s ]
INFO: [ app_end ] --END-- [ RunTime:0.001000s ]

[ 2019-08-31T22:00:11+08:00 ] ::1 /phpstorehouse/admin.php/Goods/index.html
INFO: [ app_init ] --START--
INFO: Run Behavior\BuildLiteBehavior [ RunTime:0.000000s ]
INFO: [ app_init ] --END-- [ RunTime:0.000000s ]
INFO: [ app_begin ] --START--
INFO: Run Behavior\ReadHtmlCacheBehavior [ RunTime:0.000000s ]
INFO: [ app_begin ] --END-- [ RunTime:0.000000s ]
SQL: SHOW COLUMNS FROM `config` [ RunTime:0.0010s ]
SQL: SELECT * FROM `config` WHERE ( code='web' ) LIMIT 1   [ RunTime:0.0000s ]
SQL: SHOW COLUMNS FROM `dictionary` [ RunTime:0.0010s ]
SQL: SHOW COLUMNS FROM `admin_role` [ RunTime:0.0010s ]
SQL: SELECT `ap_codes` FROM `admin_role` WHERE `ar_id` = 1 LIMIT 1   [ RunTime:0.0000s ]
SQL: SELECT `ap_codes` FROM `admin_role` WHERE `ar_id` = 1 LIMIT 1   [ RunTime:0.0000s ]
SQL: SELECT * FROM `config` WHERE `code` = 'logLevel' LIMIT 1   [ RunTime:0.0000s ]
NOTIC: [2] in_array() expects parameter 2 to be array, null given D:\phps\PHPTutorial\WWW\phpstorehouse\Application\Admin\Controller\AdminBaseController.class.php 第 85 行.
SQL: SHOW COLUMNS FROM `goods` [ RunTime:0.0010s ]
SQL: SHOW COLUMNS FROM `manufacturer` [ RunTime:0.0010s ]
SQL: SELECT COUNT(*) AS tp_count FROM goods goods LEFT JOIN manufacturer manufacturer ON goods.ma_id=manufacturer.ma_id LIMIT 1   [ RunTime:0.0000s ]
SQL: SELECT goods.go_id AS go_id,goods.ma_id AS ma_id,goods.go_name AS go_name,goods.go_engname AS go_engname,goods.go_size AS go_size,goods.go_price AS go_price,goods.go_picture AS go_picture,manufacturer.ma_name AS ma_name FROM goods goods LEFT JOIN manufacturer manufacturer ON goods.ma_id=manufacturer.ma_id ORDER BY goods.go_id desc LIMIT 0,15   [ RunTime:0.0000s ]
NOTIC: [8] Undefined variable: list D:\phps\PHPTutorial\WWW\phpstorehouse\Application\Admin\Controller\GoodsController.class.php 第 48 行.
INFO: [ view_parse ] --START--
INFO: [ template_filter ] --START--
INFO: Run Behavior\ContentReplaceBehavior [ RunTime:0.000000s ]
INFO: [ template_filter ] --END-- [ RunTime:0.001000s ]
NOTIC: [8] Undefined variable: keyword D:\phps\PHPTutorial\WWW\phpstorehouse\Runtime\Admin\Cache\Admin\7460c3bd08e8aaf3e719467d6ea19bd3.php 第 137 行.
NOTIC: [8] Undefined index: name D:\phps\PHPTutorial\WWW\phpstorehouse\Runtime\Admin\Cache\Admin\7460c3bd08e8aaf3e719467d6ea19bd3.php 第 182 行.
NOTIC: [8] Undefined index: name D:\phps\PHPTutorial\WWW\phpstorehouse\Runtime\Admin\Cache\Admin\7460c3bd08e8aaf3e719467d6ea19bd3.php 第 182 行.
NOTIC: [8] Undefined index: name D:\phps\PHPTutorial\WWW\phpstorehouse\Runtime\Admin\Cache\Admin\7460c3bd08e8aaf3e719467d6ea19bd3.php 第 182 行.
NOTIC: [8] Undefined index: name D:\phps\PHPTutorial\WWW\phpstorehouse\Runtime\Admin\Cache\Admin\7460c3bd08e8aaf3e719467d6ea19bd3.php 第 182 行.
NOTIC: [8] Undefined index: name D:\phps\PHPTutorial\WWW\phpstorehouse\Runtime\Admin\Cache\Admin\7460c3bd08e8aaf3e719467d6ea19bd3.php 第 182 行.
NOTIC: [8] Undefined index: name D:\phps\PHPTutorial\WWW\phpstorehouse\Runtime\Admin\Cache\Admin\7460c3bd08e8aaf3e719467d6ea19bd3.php 第 182 行.
INFO: Run Behavior\ParseTemplateBehavior [ RunTime:0.007001s ]
INFO: [ view_parse ] --END-- [ RunTime:0.008001s ]
INFO: [ view_filter ] --START--
INFO: Run Behavior\WriteHtmlCacheBehavior [ RunTime:0.000000s ]
INFO: [ view_filter ] --END-- [ RunTime:0.000000s ]
INFO: [ app_end ] --START--
INFO: Run Behavior\ShowPageTraceBehavior [ RunTime:0.000000s ]
INFO: [ app_end ] --END-- [ RunTime:0.000000s ]

[ 2019-08-31T22:00:13+08:00 ] ::1 /phpstorehouse/admin.php/Goods/index2.html
INFO: [ app_init ] --START--
INFO: Run Behavior\BuildLiteBehavior [ RunTime:0.000000s ]
INFO: [ app_init ] --END-- [ RunTime:0.000000s ]
INFO: [ app_begin ] --START--
INFO: Run Behavior\ReadHtmlCacheBehavior [ RunTime:0.000000s ]
INFO: [ app_begin ] --END-- [ RunTime:0.000000s ]
SQL: SHOW COLUMNS FROM `config` [ RunTime:0.0020s ]
SQL: SELECT * FROM `config` WHERE ( code='web' ) LIMIT 1   [ RunTime:0.0000s ]
SQL: SHOW COLUMNS FROM `dictionary` [ RunTime:0.0010s ]
SQL: SHOW COLUMNS FROM `admin_role` [ RunTime:0.0010s ]
SQL: SELECT `ap_codes` FROM `admin_role` WHERE `ar_id` = 1 LIMIT 1   [ RunTime:0.0000s ]
SQL: SELECT `ap_codes` FROM `admin_role` WHERE `ar_id` = 1 LIMIT 1   [ RunTime:0.0000s ]
SQL: SELECT * FROM `config` WHERE `code` = 'logLevel' LIMIT 1   [ RunTime:0.0000s ]
NOTIC: [2] in_array() expects parameter 2 to be array, null given D:\phps\PHPTutorial\WWW\phpstorehouse\Application\Admin\Controller\AdminBaseController.class.php 第 85 行.
SQL: SHOW COLUMNS FROM `stock` [ RunTime:0.0010s ]
SQL: SHOW COLUMNS FROM `warehouse` [ RunTime:0.0010s ]
SQL: SHOW COLUMNS FROM `goods` [ RunTime:0.0010s ]
SQL: SHOW COLUMNS FROM `manufacturer` [ RunTime:0.0010s ]
SQL: SELECT COUNT(*) AS tp_count FROM stock stock LEFT JOIN warehouse warehouse ON stock.wa_id=warehouse.wa_id  JOIN goods goods ON stock.go_id=goods.go_id  JOIN manufacturer manufacturer ON goods.ma_id=manufacturer.ma_id LIMIT 1   [ RunTime:0.0000s ]
SQL: SELECT stock.go_id AS go_id,stock.wa_id AS wa_id,stock.go_num AS go_num,warehouse.wa_name AS wa_name,goods.go_id AS go_id,goods.ma_id AS ma_id,goods.go_name AS go_name,goods.go_engname AS go_engname,goods.go_size AS go_size,goods.go_price AS go_price,goods.go_picture AS go_picture,manufacturer.ma_name AS ma_name FROM stock stock LEFT JOIN warehouse warehouse ON stock.wa_id=warehouse.wa_id  JOIN goods goods ON stock.go_id=goods.go_id  JOIN manufacturer manufacturer ON goods.ma_id=manufacturer.ma_id ORDER BY stock.go_id desc LIMIT 0,15   [ RunTime:0.0000s ]
INFO: [ view_parse ] --START--
INFO: [ template_filter ] --START--
INFO: Run Behavior\ContentReplaceBehavior [ RunTime:0.000000s ]
INFO: [ template_filter ] --END-- [ RunTime:0.001000s ]
NOTIC: [8] Undefined variable: keyword D:\phps\PHPTutorial\WWW\phpstorehouse\Runtime\Admin\Cache\Admin\2ad5e468afd43ccbc9a821541efc304d.php 第 126 行.
INFO: Run Behavior\ParseTemplateBehavior [ RunTime:0.007001s ]
INFO: [ view_parse ] --END-- [ RunTime:0.007001s ]
INFO: [ view_filter ] --START--
INFO: Run Behavior\WriteHtmlCacheBehavior [ RunTime:0.001000s ]
INFO: [ view_filter ] --END-- [ RunTime:0.001000s ]
INFO: [ app_end ] --START--
INFO: Run Behavior\ShowPageTraceBehavior [ RunTime:0.000000s ]
INFO: [ app_end ] --END-- [ RunTime:0.000000s ]

[ 2019-08-31T22:00:14+08:00 ] ::1 /phpstorehouse/admin.php/Main/main.html
INFO: [ app_init ] --START--
INFO: Run Behavior\BuildLiteBehavior [ RunTime:0.000000s ]
INFO: [ app_init ] --END-- [ RunTime:0.000000s ]
INFO: [ app_begin ] --START--
INFO: Run Behavior\ReadHtmlCacheBehavior [ RunTime:0.000000s ]
INFO: [ app_begin ] --END-- [ RunTime:0.000000s ]
SQL: SHOW COLUMNS FROM `config` [ RunTime:0.0020s ]
SQL: SELECT * FROM `config` WHERE ( code='web' ) LIMIT 1   [ RunTime:0.0000s ]
SQL: SHOW COLUMNS FROM `dictionary` [ RunTime:0.0010s ]
SQL: SHOW COLUMNS FROM `admin_role` [ RunTime:0.0010s ]
SQL: SELECT `ap_codes` FROM `admin_role` WHERE `ar_id` = 1 LIMIT 1   [ RunTime:0.0000s ]
SQL: SHOW COLUMNS FROM `jiedian1` [ RunTime:0.0010s ]
SQL: SELECT * FROM `jiedian1`  [ RunTime:0.0000s ]
INFO: [ view_parse ] --START--
INFO: [ template_filter ] --START--
INFO: Run Behavior\ContentReplaceBehavior [ RunTime:0.000000s ]
INFO: [ template_filter ] --END-- [ RunTime:0.000000s ]
NOTIC: [8] Undefined index: sys_name D:\phps\PHPTutorial\WWW\phpstorehouse\Runtime\Admin\Cache\Admin\04e7471929a50157097ce892dc8033c4.php 第 4 行.
INFO: Run Behavior\ParseTemplateBehavior [ RunTime:0.006001s ]
INFO: [ view_parse ] --END-- [ RunTime:0.006001s ]
INFO: [ view_filter ] --START--
INFO: Run Behavior\WriteHtmlCacheBehavior [ RunTime:0.000000s ]
INFO: [ view_filter ] --END-- [ RunTime:0.000000s ]
INFO: [ app_end ] --START--
INFO: Run Behavior\ShowPageTraceBehavior [ RunTime:0.001000s ]
INFO: [ app_end ] --END-- [ RunTime:0.001000s ]

[ 2019-08-31T22:00:29+08:00 ] ::1 /phpstorehouse/admin.php/Goods/index.html
INFO: [ app_init ] --START--
INFO: Run Behavior\BuildLiteBehavior [ RunTime:0.000000s ]
INFO: [ app_init ] --END-- [ RunTime:0.001000s ]
INFO: [ app_begin ] --START--
INFO: Run Behavior\ReadHtmlCacheBehavior [ RunTime:0.001000s ]
INFO: [ app_begin ] --END-- [ RunTime:0.001000s ]
SQL: SHOW COLUMNS FROM `config` [ RunTime:0.0030s ]
SQL: SELECT * FROM `config` WHERE ( code='web' ) LIMIT 1   [ RunTime:0.0000s ]
SQL: SHOW COLUMNS FROM `dictionary` [ RunTime:0.0030s ]
SQL: SHOW COLUMNS FROM `admin_role` [ RunTime:0.0020s ]
SQL: SELECT `ap_codes` FROM `admin_role` WHERE `ar_id` = 1 LIMIT 1   [ RunTime:0.0000s ]
SQL: SELECT `ap_codes` FROM `admin_role` WHERE `ar_id` = 1 LIMIT 1   [ RunTime:0.0000s ]
SQL: SELECT * FROM `config` WHERE `code` = 'logLevel' LIMIT 1   [ RunTime:0.0010s ]
NOTIC: [2] in_array() expects parameter 2 to be array, null given D:\phps\PHPTutorial\WWW\phpstorehouse\Application\Admin\Controller\AdminBaseController.class.php 第 85 行.
SQL: SHOW COLUMNS FROM `goods` [ RunTime:0.0020s ]
SQL: SHOW COLUMNS FROM `manufacturer` [ RunTime:0.0020s ]
SQL: SELECT COUNT(*) AS tp_count FROM goods goods LEFT JOIN manufacturer manufacturer ON goods.ma_id=manufacturer.ma_id LIMIT 1   [ RunTime:0.0000s ]
SQL: SELECT goods.go_id AS go_id,goods.ma_id AS ma_id,goods.go_name AS go_name,goods.go_engname AS go_engname,goods.go_size AS go_size,goods.go_price AS go_price,goods.go_picture AS go_picture,manufacturer.ma_name AS ma_name FROM goods goods LEFT JOIN manufacturer manufacturer ON goods.ma_id=manufacturer.ma_id ORDER BY goods.go_id desc LIMIT 0,15   [ RunTime:0.0010s ]
NOTIC: [8] Undefined variable: list D:\phps\PHPTutorial\WWW\phpstorehouse\Application\Admin\Controller\GoodsController.class.php 第 48 行.
INFO: [ view_parse ] --START--
INFO: [ template_filter ] --START--
INFO: Run Behavior\ContentReplaceBehavior [ RunTime:0.000000s ]
INFO: [ template_filter ] --END-- [ RunTime:0.000000s ]
NOTIC: [8] Undefined variable: keyword D:\phps\PHPTutorial\WWW\phpstorehouse\Runtime\Admin\Cache\Admin\7460c3bd08e8aaf3e719467d6ea19bd3.php 第 137 行.
NOTIC: [8] Undefined index: name D:\phps\PHPTutorial\WWW\phpstorehouse\Runtime\Admin\Cache\Admin\7460c3bd08e8aaf3e719467d6ea19bd3.php 第 182 行.
NOTIC: [8] Undefined index: name D:\phps\PHPTutorial\WWW\phpstorehouse\Runtime\Admin\Cache\Admin\7460c3bd08e8aaf3e719467d6ea19bd3.php 第 182 行.
NOTIC: [8] Undefined index: name D:\phps\PHPTutorial\WWW\phpstorehouse\Runtime\Admin\Cache\Admin\7460c3bd08e8aaf3e719467d6ea19bd3.php 第 182 行.
NOTIC: [8] Undefined index: name D:\phps\PHPTutorial\WWW\phpstorehouse\Runtime\Admin\Cache\Admin\7460c3bd08e8aaf3e719467d6ea19bd3.php 第 182 行.
NOTIC: [8] Undefined index: name D:\phps\PHPTutorial\WWW\phpstorehouse\Runtime\Admin\Cache\Admin\7460c3bd08e8aaf3e719467d6ea19bd3.php 第 182 行.
NOTIC: [8] Undefined index: name D:\phps\PHPTutorial\WWW\phpstorehouse\Runtime\Admin\Cache\Admin\7460c3bd08e8aaf3e719467d6ea19bd3.php 第 182 行.
INFO: Run Behavior\ParseTemplateBehavior [ RunTime:0.015001s ]
INFO: [ view_parse ] --END-- [ RunTime:0.015001s ]
INFO: [ view_filter ] --START--
INFO: Run Behavior\WriteHtmlCacheBehavior [ RunTime:0.001000s ]
INFO: [ view_filter ] --END-- [ RunTime:0.001000s ]
INFO: [ app_end ] --START--
INFO: Run Behavior\ShowPageTraceBehavior [ RunTime:0.001000s ]
INFO: [ app_end ] --END-- [ RunTime:0.001000s ]

[ 2019-08-31T22:00:30+08:00 ] ::1 /phpstorehouse/admin.php/Goods/index2.html
INFO: [ app_init ] --START--
INFO: Run Behavior\BuildLiteBehavior [ RunTime:0.000000s ]
INFO: [ app_init ] --END-- [ RunTime:0.000000s ]
INFO: [ app_begin ] --START--
INFO: Run Behavior\ReadHtmlCacheBehavior [ RunTime:0.001000s ]
INFO: [ app_begin ] --END-- [ RunTime:0.001000s ]
SQL: SHOW COLUMNS FROM `config` [ RunTime:0.0020s ]
SQL: SELECT * FROM `config` WHERE ( code='web' ) LIMIT 1   [ RunTime:0.0000s ]
SQL: SHOW COLUMNS FROM `dictionary` [ RunTime:0.0020s ]
SQL: SHOW COLUMNS FROM `admin_role` [ RunTime:0.0020s ]
SQL: SELECT `ap_codes` FROM `admin_role` WHERE `ar_id` = 1 LIMIT 1   [ RunTime:0.0000s ]
SQL: SELECT `ap_codes` FROM `admin_role` WHERE `ar_id` = 1 LIMIT 1   [ RunTime:0.0000s ]
SQL: SELECT * FROM `config` WHERE `code` = 'logLevel' LIMIT 1   [ RunTime:0.0010s ]
NOTIC: [2] in_array() expects parameter 2 to be array, null given D:\phps\PHPTutorial\WWW\phpstorehouse\Application\Admin\Controller\AdminBaseController.class.php 第 85 行.
SQL: SHOW COLUMNS FROM `stock` [ RunTime:0.0020s ]
SQL: SHOW COLUMNS FROM `warehouse` [ RunTime:0.0010s ]
SQL: SHOW COLUMNS FROM `goods` [ RunTime:0.0020s ]
SQL: SHOW COLUMNS FROM `manufacturer` [ RunTime:0.0010s ]
SQL: SELECT COUNT(*) AS tp_count FROM stock stock LEFT JOIN warehouse warehouse ON stock.wa_id=warehouse.wa_id  JOIN goods goods ON stock.go_id=goods.go_id  JOIN manufacturer manufacturer ON goods.ma_id=manufacturer.ma_id LIMIT 1   [ RunTime:0.0010s ]
SQL: SELECT stock.go_id AS go_id,stock.wa_id AS wa_id,stock.go_num AS go_num,warehouse.wa_name AS wa_name,goods.go_id AS go_id,goods.ma_id AS ma_id,goods.go_name AS go_name,goods.go_engname AS go_engname,goods.go_size AS go_size,goods.go_price AS go_price,goods.go_picture AS go_picture,manufacturer.ma_name AS ma_name FROM stock stock LEFT JOIN warehouse warehouse ON stock.wa_id=warehouse.wa_id  JOIN goods goods ON stock.go_id=goods.go_id  JOIN manufacturer manufacturer ON goods.ma_id=manufacturer.ma_id ORDER BY stock.go_id desc LIMIT 0,15   [ RunTime:0.0010s ]
INFO: [ view_parse ] --START--
INFO: [ template_filter ] --START--
INFO: Run Behavior\ContentReplaceBehavior [ RunTime:0.000000s ]
INFO: [ template_filter ] --END-- [ RunTime:0.000000s ]
NOTIC: [8] Undefined variable: keyword D:\phps\PHPTutorial\WWW\phpstorehouse\Runtime\Admin\Cache\Admin\2ad5e468afd43ccbc9a821541efc304d.php 第 126 行.
INFO: Run Behavior\ParseTemplateBehavior [ RunTime:0.008000s ]
INFO: [ view_parse ] --END-- [ RunTime:0.008000s ]
INFO: [ view_filter ] --START--
INFO: Run Behavior\WriteHtmlCacheBehavior [ RunTime:0.000000s ]
INFO: [ view_filter ] --END-- [ RunTime:0.000000s ]
INFO: [ app_end ] --START--
INFO: Run Behavior\ShowPageTraceBehavior [ RunTime:0.001000s ]
INFO: [ app_end ] --END-- [ RunTime:0.001000s ]

[ 2019-08-31T22:00:31+08:00 ] ::1 /phpstorehouse/admin.php/Main/main.html
INFO: [ app_init ] --START--
INFO: Run Behavior\BuildLiteBehavior [ RunTime:0.000000s ]
INFO: [ app_init ] --END-- [ RunTime:0.000000s ]
INFO: [ app_begin ] --START--
INFO: Run Behavior\ReadHtmlCacheBehavior [ RunTime:0.000000s ]
INFO: [ app_begin ] --END-- [ RunTime:0.001000s ]
SQL: SHOW COLUMNS FROM `config` [ RunTime:0.0030s ]
SQL: SELECT * FROM `config` WHERE ( code='web' ) LIMIT 1   [ RunTime:0.0010s ]
SQL: SHOW COLUMNS FROM `dictionary` [ RunTime:0.0020s ]
SQL: SHOW COLUMNS FROM `admin_role` [ RunTime:0.0020s ]
SQL: SELECT `ap_codes` FROM `admin_role` WHERE `ar_id` = 1 LIMIT 1   [ RunTime:0.0010s ]
SQL: SHOW COLUMNS FROM `jiedian1` [ RunTime:0.0020s ]
SQL: SELECT * FROM `jiedian1`  [ RunTime:0.0000s ]
INFO: [ view_parse ] --START--
INFO: [ template_filter ] --START--
INFO: Run Behavior\ContentReplaceBehavior [ RunTime:0.000000s ]
INFO: [ template_filter ] --END-- [ RunTime:0.001000s ]
NOTIC: [8] Undefined index: sys_name D:\phps\PHPTutorial\WWW\phpstorehouse\Runtime\Admin\Cache\Admin\04e7471929a50157097ce892dc8033c4.php 第 4 行.
INFO: Run Behavior\ParseTemplateBehavior [ RunTime:0.011000s ]
INFO: [ view_parse ] --END-- [ RunTime:0.011000s ]
INFO: [ view_filter ] --START--
INFO: Run Behavior\WriteHtmlCacheBehavior [ RunTime:0.000000s ]
INFO: [ view_filter ] --END-- [ RunTime:0.000000s ]
INFO: [ app_end ] --START--
INFO: Run Behavior\ShowPageTraceBehavior [ RunTime:0.001001s ]
INFO: [ app_end ] --END-- [ RunTime:0.001001s ]

[ 2019-08-31T22:08:16+08:00 ] ::1 /phpstorehouse/admin.php/Goods/index2.html
INFO: [ app_init ] --START--
INFO: Run Behavior\BuildLiteBehavior [ RunTime:0.000000s ]
INFO: [ app_init ] --END-- [ RunTime:0.000000s ]
INFO: [ app_begin ] --START--
INFO: Run Behavior\ReadHtmlCacheBehavior [ RunTime:0.001000s ]
INFO: [ app_begin ] --END-- [ RunTime:0.001000s ]
SQL: SHOW COLUMNS FROM `config` [ RunTime:0.0020s ]
SQL: SELECT * FROM `config` WHERE ( code='web' ) LIMIT 1   [ RunTime:0.0000s ]
SQL: SHOW COLUMNS FROM `dictionary` [ RunTime:0.0020s ]
SQL: SHOW COLUMNS FROM `admin_role` [ RunTime:0.0020s ]
SQL: SELECT `ap_codes` FROM `admin_role` WHERE `ar_id` = 1 LIMIT 1   [ RunTime:0.0000s ]
SQL: SELECT `ap_codes` FROM `admin_role` WHERE `ar_id` = 1 LIMIT 1   [ RunTime:0.0010s ]
SQL: SELECT * FROM `config` WHERE `code` = 'logLevel' LIMIT 1   [ RunTime:0.0000s ]
NOTIC: [2] in_array() expects parameter 2 to be array, null given D:\phps\PHPTutorial\WWW\phpstorehouse\Application\Admin\Controller\AdminBaseController.class.php 第 85 行.
SQL: SHOW COLUMNS FROM `stock` [ RunTime:0.0020s ]
SQL: SHOW COLUMNS FROM `warehouse` [ RunTime:0.0020s ]
SQL: SHOW COLUMNS FROM `goods` [ RunTime:0.0020s ]
SQL: SHOW COLUMNS FROM `manufacturer` [ RunTime:0.0020s ]
SQL: SELECT COUNT(*) AS tp_count FROM stock stock LEFT JOIN warehouse warehouse ON stock.wa_id=warehouse.wa_id  JOIN goods goods ON stock.go_id=goods.go_id  JOIN manufacturer manufacturer ON goods.ma_id=manufacturer.ma_id LIMIT 1   [ RunTime:0.0010s ]
SQL: SELECT stock.go_id AS go_id,stock.wa_id AS wa_id,stock.go_num AS go_num,warehouse.wa_name AS wa_name,goods.go_id AS go_id,goods.ma_id AS ma_id,goods.go_name AS go_name,goods.go_engname AS go_engname,goods.go_size AS go_size,goods.go_price AS go_price,goods.go_picture AS go_picture,manufacturer.ma_name AS ma_name FROM stock stock LEFT JOIN warehouse warehouse ON stock.wa_id=warehouse.wa_id  JOIN goods goods ON stock.go_id=goods.go_id  JOIN manufacturer manufacturer ON goods.ma_id=manufacturer.ma_id ORDER BY stock.go_id desc LIMIT 0,15   [ RunTime:0.0000s ]
INFO: [ view_parse ] --START--
INFO: [ template_filter ] --START--
INFO: Run Behavior\ContentReplaceBehavior [ RunTime:0.000000s ]
INFO: [ template_filter ] --END-- [ RunTime:0.000000s ]
NOTIC: [8] Undefined variable: keyword D:\phps\PHPTutorial\WWW\phpstorehouse\Runtime\Admin\Cache\Admin\2ad5e468afd43ccbc9a821541efc304d.php 第 126 行.
INFO: Run Behavior\ParseTemplateBehavior [ RunTime:0.013001s ]
INFO: [ view_parse ] --END-- [ RunTime:0.013001s ]
INFO: [ view_filter ] --START--
INFO: Run Behavior\WriteHtmlCacheBehavior [ RunTime:0.000000s ]
INFO: [ view_filter ] --END-- [ RunTime:0.000000s ]
INFO: [ app_end ] --START--
INFO: Run Behavior\ShowPageTraceBehavior [ RunTime:0.000000s ]
INFO: [ app_end ] --END-- [ RunTime:0.000000s ]

[ 2019-08-31T22:08:18+08:00 ] ::1 /phpstorehouse/admin.php/Main/main.html
INFO: [ app_init ] --START--
INFO: Run Behavior\BuildLiteBehavior [ RunTime:0.000000s ]
INFO: [ app_init ] --END-- [ RunTime:0.000000s ]
INFO: [ app_begin ] --START--
INFO: Run Behavior\ReadHtmlCacheBehavior [ RunTime:0.000000s ]
INFO: [ app_begin ] --END-- [ RunTime:0.000000s ]
SQL: SHOW COLUMNS FROM `config` [ RunTime:0.0020s ]
SQL: SELECT * FROM `config` WHERE ( code='web' ) LIMIT 1   [ RunTime:0.0010s ]
SQL: SHOW COLUMNS FROM `dictionary` [ RunTime:0.0020s ]
SQL: SHOW COLUMNS FROM `admin_role` [ RunTime:0.0010s ]
SQL: SELECT `ap_codes` FROM `admin_role` WHERE `ar_id` = 1 LIMIT 1   [ RunTime:0.0010s ]
SQL: SHOW COLUMNS FROM `jiedian1` [ RunTime:0.0010s ]
SQL: SELECT * FROM `jiedian1`  [ RunTime:0.0000s ]
INFO: [ view_parse ] --START--
INFO: [ template_filter ] --START--
INFO: Run Behavior\ContentReplaceBehavior [ RunTime:0.000000s ]
INFO: [ template_filter ] --END-- [ RunTime:0.000000s ]
NOTIC: [8] Undefined index: sys_name D:\phps\PHPTutorial\WWW\phpstorehouse\Runtime\Admin\Cache\Admin\04e7471929a50157097ce892dc8033c4.php 第 4 行.
INFO: Run Behavior\ParseTemplateBehavior [ RunTime:0.006000s ]
INFO: [ view_parse ] --END-- [ RunTime:0.006000s ]
INFO: [ view_filter ] --START--
INFO: Run Behavior\WriteHtmlCacheBehavior [ RunTime:0.000000s ]
INFO: [ view_filter ] --END-- [ RunTime:0.000000s ]
INFO: [ app_end ] --START--
INFO: Run Behavior\ShowPageTraceBehavior [ RunTime:0.001001s ]
INFO: [ app_end ] --END-- [ RunTime:0.001001s ]

