[ 2019-09-01T14:27:00+08:00 ] ::1 /phpstorehouse/admin.php
INFO: [ app_init ] --START--
INFO: Run Behavior\BuildLiteBehavior [ RunTime:0.001000s ]
INFO: [ app_init ] --END-- [ RunTime:0.059004s ]
INFO: [ app_begin ] --START--
INFO: Run Behavior\ReadHtmlCacheBehavior [ RunTime:0.017001s ]
INFO: [ app_begin ] --END-- [ RunTime:0.017001s ]
SQL: SHOW COLUMNS FROM `config` [ RunTime:0.0690s ]
SQL: SELECT * FROM `config` WHERE ( code='web' ) LIMIT 1   [ RunTime:0.0240s ]
INFO: [ view_parse ] --START--
INFO: [ template_filter ] --START--
INFO: Run Behavior\ContentReplaceBehavior [ RunTime:0.000000s ]
INFO: [ template_filter ] --END-- [ RunTime:0.000000s ]
NOTIC: [8] Undefined index: sys_name D:\phps\PHPTutorial\WWW\phpstorehouse\Runtime\Admin\Cache\Admin\b595b808c2ebeeeb0478ffc30bb4e87a.php 第 6 行.
INFO: Run Behavior\ParseTemplateBehavior [ RunTime:0.190010s ]
INFO: [ view_parse ] --END-- [ RunTime:0.190010s ]
INFO: [ view_filter ] --START--
INFO: Run Behavior\WriteHtmlCacheBehavior [ RunTime:0.014001s ]
INFO: [ view_filter ] --END-- [ RunTime:0.014001s ]
INFO: [ app_end ] --START--
INFO: Run Behavior\ShowPageTraceBehavior [ RunTime:0.002000s ]
INFO: [ app_end ] --END-- [ RunTime:0.003000s ]

[ 2019-09-01T14:27:02+08:00 ] ::1 /phpstorehouse/admin.php/Index/verify.html
INFO: [ app_init ] --START--
INFO: Run Behavior\BuildLiteBehavior [ RunTime:0.000000s ]
INFO: [ app_init ] --END-- [ RunTime:0.000000s ]
INFO: [ app_begin ] --START--
INFO: Run Behavior\ReadHtmlCacheBehavior [ RunTime:0.001000s ]
INFO: [ app_begin ] --END-- [ RunTime:0.001000s ]
SQL: SHOW COLUMNS FROM `config` [ RunTime:0.0020s ]
SQL: SELECT * FROM `config` WHERE ( code='web' ) LIMIT 1   [ RunTime:0.0000s ]
INFO: [ app_end ] --START--
INFO: Run Behavior\ShowPageTraceBehavior [ RunTime:0.002000s ]
INFO: [ app_end ] --END-- [ RunTime:0.002000s ]

[ 2019-09-01T14:27:03+08:00 ] ::1 /phpstorehouse/admin.php
INFO: [ app_init ] --START--
INFO: Run Behavior\BuildLiteBehavior [ RunTime:0.000000s ]
INFO: [ app_init ] --END-- [ RunTime:0.001000s ]
INFO: [ app_begin ] --START--
INFO: Run Behavior\ReadHtmlCacheBehavior [ RunTime:0.000000s ]
INFO: [ app_begin ] --END-- [ RunTime:0.000000s ]
SQL: SHOW COLUMNS FROM `config` [ RunTime:0.0010s ]
SQL: SELECT * FROM `config` WHERE ( code='web' ) LIMIT 1   [ RunTime:0.0000s ]
INFO: [ view_parse ] --START--
INFO: [ template_filter ] --START--
INFO: Run Behavior\ContentReplaceBehavior [ RunTime:0.000000s ]
INFO: [ template_filter ] --END-- [ RunTime:0.000000s ]
NOTIC: [8] Undefined index: sys_name D:\phps\PHPTutorial\WWW\phpstorehouse\Runtime\Admin\Cache\Admin\b595b808c2ebeeeb0478ffc30bb4e87a.php 第 6 行.
INFO: Run Behavior\ParseTemplateBehavior [ RunTime:0.005000s ]
INFO: [ view_parse ] --END-- [ RunTime:0.005000s ]
INFO: [ view_filter ] --START--
INFO: Run Behavior\WriteHtmlCacheBehavior [ RunTime:0.000000s ]
INFO: [ view_filter ] --END-- [ RunTime:0.000000s ]
INFO: [ app_end ] --START--
INFO: Run Behavior\ShowPageTraceBehavior [ RunTime:0.000000s ]
INFO: [ app_end ] --END-- [ RunTime:0.000000s ]

[ 2019-09-01T14:27:10+08:00 ] ::1 /phpstorehouse/admin.php/Index/doLogin.html
INFO: [ app_init ] --START--
INFO: Run Behavior\BuildLiteBehavior [ RunTime:0.000000s ]
INFO: [ app_init ] --END-- [ RunTime:0.001000s ]
INFO: [ app_begin ] --START--
INFO: Run Behavior\ReadHtmlCacheBehavior [ RunTime:0.000000s ]
INFO: [ app_begin ] --END-- [ RunTime:0.000000s ]
SQL: SHOW COLUMNS FROM `config` [ RunTime:0.0010s ]
SQL: SELECT * FROM `config` WHERE ( code='web' ) LIMIT 1   [ RunTime:0.0000s ]
SQL: SHOW COLUMNS FROM `admin` [ RunTime:0.0980s ]
SQL: SELECT * FROM `admin` WHERE `aname` = 'admin' AND `pwd` = 'e10adc3949ba59abbe56e057f20f883e' AND `valid` = 1 LIMIT 1   [ RunTime:0.0000s ]

[ 2019-09-01T14:27:11+08:00 ] ::1 /phpstorehouse/admin.php/Main/index.html
INFO: [ app_init ] --START--
INFO: Run Behavior\BuildLiteBehavior [ RunTime:0.000000s ]
INFO: [ app_init ] --END-- [ RunTime:0.001000s ]
INFO: [ app_begin ] --START--
INFO: Run Behavior\ReadHtmlCacheBehavior [ RunTime:0.001000s ]
INFO: [ app_begin ] --END-- [ RunTime:0.001000s ]
SQL: SHOW COLUMNS FROM `config` [ RunTime:0.0020s ]
SQL: SELECT * FROM `config` WHERE ( code='web' ) LIMIT 1   [ RunTime:0.0000s ]
SQL: SHOW COLUMNS FROM `dictionary` [ RunTime:0.0310s ]
SQL: SHOW COLUMNS FROM `admin` [ RunTime:0.0030s ]
SQL: SHOW COLUMNS FROM `admin_role` [ RunTime:0.0460s ]
SQL: SELECT admin.aid AS aid,admin.aname AS aname,admin.pwd AS pwd,admin.realname AS realname,admin.valid AS valid,admin.ar_id AS ar_id,admin.tel AS tel,admin.addtime AS addtime,admin.updatetime AS updatetime,admin_role.ar_name AS ar_name,admin_role.ap_codes AS ap_codes FROM admin admin LEFT JOIN admin_role admin_role ON admin.ar_id=admin_role.ar_id WHERE admin.aname = 'admin' AND admin.pwd = 'e10adc3949ba59abbe56e057f20f883e' AND admin.valid = 1 LIMIT 1   [ RunTime:0.0200s ]
SQL: SELECT `ap_codes` FROM `admin_role` WHERE `ar_id` = 1 LIMIT 1   [ RunTime:0.0000s ]
INFO: [ view_parse ] --START--
INFO: [ template_filter ] --START--
INFO: Run Behavior\ContentReplaceBehavior [ RunTime:0.000000s ]
INFO: [ template_filter ] --END-- [ RunTime:0.000000s ]
INFO: Run Behavior\ParseTemplateBehavior [ RunTime:0.041002s ]
INFO: [ view_parse ] --END-- [ RunTime:0.041002s ]
INFO: [ view_filter ] --START--
INFO: Run Behavior\WriteHtmlCacheBehavior [ RunTime:0.001000s ]
INFO: [ view_filter ] --END-- [ RunTime:0.001000s ]
INFO: [ app_end ] --START--
INFO: Run Behavior\ShowPageTraceBehavior [ RunTime:0.000000s ]
INFO: [ app_end ] --END-- [ RunTime:0.000000s ]

[ 2019-09-01T14:27:11+08:00 ] ::1 /phpstorehouse/admin.php/Main/top.html
INFO: [ app_init ] --START--
INFO: Run Behavior\BuildLiteBehavior [ RunTime:0.001000s ]
INFO: [ app_init ] --END-- [ RunTime:0.001000s ]
INFO: [ app_begin ] --START--
INFO: Run Behavior\ReadHtmlCacheBehavior [ RunTime:0.001000s ]
INFO: [ app_begin ] --END-- [ RunTime:0.001000s ]
SQL: SHOW COLUMNS FROM `config` [ RunTime:0.0030s ]
SQL: SELECT * FROM `config` WHERE ( code='web' ) LIMIT 1   [ RunTime:0.0000s ]
SQL: SHOW COLUMNS FROM `dictionary` [ RunTime:0.0020s ]
SQL: SHOW COLUMNS FROM `admin_role` [ RunTime:0.0020s ]
SQL: SELECT `ap_codes` FROM `admin_role` WHERE `ar_id` = 1 LIMIT 1   [ RunTime:0.0010s ]
INFO: [ view_parse ] --START--
INFO: [ template_filter ] --START--
INFO: Run Behavior\ContentReplaceBehavior [ RunTime:0.000000s ]
INFO: [ template_filter ] --END-- [ RunTime:0.000000s ]
NOTIC: [8] Undefined index: sys_name D:\phps\PHPTutorial\WWW\phpstorehouse\Runtime\Admin\Cache\Admin\4ed54719134818f873ee1e2d5ba6abad.php 第 5 行.
INFO: Run Behavior\ParseTemplateBehavior [ RunTime:0.056004s ]
INFO: [ view_parse ] --END-- [ RunTime:0.057004s ]
INFO: [ view_filter ] --START--
INFO: Run Behavior\WriteHtmlCacheBehavior [ RunTime:0.000000s ]
INFO: [ view_filter ] --END-- [ RunTime:0.001000s ]
INFO: [ app_end ] --START--
INFO: Run Behavior\ShowPageTraceBehavior [ RunTime:0.000000s ]
INFO: [ app_end ] --END-- [ RunTime:0.000000s ]

[ 2019-09-01T14:27:11+08:00 ] ::1 /phpstorehouse/admin.php/Main/left.html
INFO: [ app_init ] --START--
INFO: Run Behavior\BuildLiteBehavior [ RunTime:0.000000s ]
INFO: [ app_init ] --END-- [ RunTime:0.000000s ]
INFO: [ app_begin ] --START--
INFO: Run Behavior\ReadHtmlCacheBehavior [ RunTime:0.001000s ]
INFO: [ app_begin ] --END-- [ RunTime:0.001000s ]
SQL: SHOW COLUMNS FROM `config` [ RunTime:0.0030s ]
SQL: SELECT * FROM `config` WHERE ( code='web' ) LIMIT 1   [ RunTime:0.0010s ]
SQL: SHOW COLUMNS FROM `dictionary` [ RunTime:0.0010s ]
SQL: SHOW COLUMNS FROM `admin_role` [ RunTime:0.0010s ]
SQL: SELECT `ap_codes` FROM `admin_role` WHERE `ar_id` = 1 LIMIT 1   [ RunTime:0.0000s ]
INFO: [ view_parse ] --START--
INFO: [ template_filter ] --START--
INFO: Run Behavior\ContentReplaceBehavior [ RunTime:0.000000s ]
INFO: [ template_filter ] --END-- [ RunTime:0.000000s ]
NOTIC: [8] Undefined index: sys_name D:\phps\PHPTutorial\WWW\phpstorehouse\Runtime\Admin\Cache\Admin\1b87400a8028c67ea252084b4f2cbce5.php 第 5 行.
NOTIC: [8] Undefined variable: power D:\phps\PHPTutorial\WWW\phpstorehouse\Runtime\Admin\Cache\Admin\1b87400a8028c67ea252084b4f2cbce5.php 第 154 行.
INFO: Run Behavior\ParseTemplateBehavior [ RunTime:0.080004s ]
INFO: [ view_parse ] --END-- [ RunTime:0.080004s ]
INFO: [ view_filter ] --START--
INFO: Run Behavior\WriteHtmlCacheBehavior [ RunTime:0.000000s ]
INFO: [ view_filter ] --END-- [ RunTime:0.000000s ]
INFO: [ app_end ] --START--
INFO: Run Behavior\ShowPageTraceBehavior [ RunTime:0.000000s ]
INFO: [ app_end ] --END-- [ RunTime:0.000000s ]

[ 2019-09-01T14:27:12+08:00 ] ::1 /phpstorehouse/admin.php/Main/main.html
INFO: [ app_init ] --START--
INFO: Run Behavior\BuildLiteBehavior [ RunTime:0.000000s ]
INFO: [ app_init ] --END-- [ RunTime:0.000000s ]
INFO: [ app_begin ] --START--
INFO: Run Behavior\ReadHtmlCacheBehavior [ RunTime:0.000000s ]
INFO: [ app_begin ] --END-- [ RunTime:0.000000s ]
SQL: SHOW COLUMNS FROM `config` [ RunTime:0.0020s ]
SQL: SELECT * FROM `config` WHERE ( code='web' ) LIMIT 1   [ RunTime:0.0000s ]
SQL: SHOW COLUMNS FROM `dictionary` [ RunTime:0.0010s ]
SQL: SHOW COLUMNS FROM `admin_role` [ RunTime:0.0020s ]
SQL: SELECT `ap_codes` FROM `admin_role` WHERE `ar_id` = 1 LIMIT 1   [ RunTime:0.0000s ]
SQL: SHOW COLUMNS FROM `jiedian1` [ RunTime:0.0620s ]
SQL: SELECT * FROM `jiedian1`  [ RunTime:0.0010s ]
INFO: [ view_parse ] --START--
INFO: [ template_filter ] --START--
INFO: Run Behavior\ContentReplaceBehavior [ RunTime:0.000000s ]
INFO: [ template_filter ] --END-- [ RunTime:0.000000s ]
NOTIC: [8] Undefined index: sys_name D:\phps\PHPTutorial\WWW\phpstorehouse\Runtime\Admin\Cache\Admin\04e7471929a50157097ce892dc8033c4.php 第 4 行.
INFO: Run Behavior\ParseTemplateBehavior [ RunTime:0.056003s ]
INFO: [ view_parse ] --END-- [ RunTime:0.056003s ]
INFO: [ view_filter ] --START--
INFO: Run Behavior\WriteHtmlCacheBehavior [ RunTime:0.001000s ]
INFO: [ view_filter ] --END-- [ RunTime:0.001000s ]
INFO: [ app_end ] --START--
INFO: Run Behavior\ShowPageTraceBehavior [ RunTime:0.001000s ]
INFO: [ app_end ] --END-- [ RunTime:0.001000s ]

[ 2019-09-01T14:27:12+08:00 ] ::1 /phpstorehouse/admin.php/Main/footer.html
INFO: [ app_init ] --START--
INFO: Run Behavior\BuildLiteBehavior [ RunTime:0.000000s ]
INFO: [ app_init ] --END-- [ RunTime:0.000000s ]
INFO: [ app_begin ] --START--
INFO: Run Behavior\ReadHtmlCacheBehavior [ RunTime:0.000000s ]
INFO: [ app_begin ] --END-- [ RunTime:0.001000s ]
SQL: SHOW COLUMNS FROM `config` [ RunTime:0.0020s ]
SQL: SELECT * FROM `config` WHERE ( code='web' ) LIMIT 1   [ RunTime:0.0000s ]
SQL: SHOW COLUMNS FROM `dictionary` [ RunTime:0.0010s ]
SQL: SHOW COLUMNS FROM `admin_role` [ RunTime:0.0020s ]
SQL: SELECT `ap_codes` FROM `admin_role` WHERE `ar_id` = 1 LIMIT 1   [ RunTime:0.0000s ]
INFO: [ view_parse ] --START--
INFO: [ template_filter ] --START--
INFO: Run Behavior\ContentReplaceBehavior [ RunTime:0.000000s ]
INFO: [ template_filter ] --END-- [ RunTime:0.000000s ]
NOTIC: [8] Undefined index: sys_name D:\phps\PHPTutorial\WWW\phpstorehouse\Runtime\Admin\Cache\Admin\738213e29422e2f8c83eae40bf2e5adc.php 第 6 行.
INFO: Run Behavior\ParseTemplateBehavior [ RunTime:0.027001s ]
INFO: [ view_parse ] --END-- [ RunTime:0.027001s ]
INFO: [ view_filter ] --START--
INFO: Run Behavior\WriteHtmlCacheBehavior [ RunTime:0.000000s ]
INFO: [ view_filter ] --END-- [ RunTime:0.000000s ]
INFO: [ app_end ] --START--
INFO: Run Behavior\ShowPageTraceBehavior [ RunTime:0.000000s ]
INFO: [ app_end ] --END-- [ RunTime:0.001000s ]

[ 2019-09-01T14:27:12+08:00 ] ::1 /phpstorehouse/admin.php/Main/left.html
INFO: [ app_init ] --START--
INFO: Run Behavior\BuildLiteBehavior [ RunTime:0.000000s ]
INFO: [ app_init ] --END-- [ RunTime:0.001000s ]
INFO: [ app_begin ] --START--
INFO: Run Behavior\ReadHtmlCacheBehavior [ RunTime:0.001000s ]
INFO: [ app_begin ] --END-- [ RunTime:0.001000s ]
SQL: SHOW COLUMNS FROM `config` [ RunTime:0.0010s ]
SQL: SELECT * FROM `config` WHERE ( code='web' ) LIMIT 1   [ RunTime:0.0000s ]
SQL: SHOW COLUMNS FROM `dictionary` [ RunTime:0.0020s ]
SQL: SHOW COLUMNS FROM `admin_role` [ RunTime:0.0010s ]
SQL: SELECT `ap_codes` FROM `admin_role` WHERE `ar_id` = 1 LIMIT 1   [ RunTime:0.0010s ]
INFO: [ view_parse ] --START--
INFO: [ template_filter ] --START--
INFO: Run Behavior\ContentReplaceBehavior [ RunTime:0.000000s ]
INFO: [ template_filter ] --END-- [ RunTime:0.000000s ]
NOTIC: [8] Undefined index: sys_name D:\phps\PHPTutorial\WWW\phpstorehouse\Runtime\Admin\Cache\Admin\1b87400a8028c67ea252084b4f2cbce5.php 第 5 行.
NOTIC: [8] Undefined variable: power D:\phps\PHPTutorial\WWW\phpstorehouse\Runtime\Admin\Cache\Admin\1b87400a8028c67ea252084b4f2cbce5.php 第 154 行.
INFO: Run Behavior\ParseTemplateBehavior [ RunTime:0.007001s ]
INFO: [ view_parse ] --END-- [ RunTime:0.007001s ]
INFO: [ view_filter ] --START--
INFO: Run Behavior\WriteHtmlCacheBehavior [ RunTime:0.000000s ]
INFO: [ view_filter ] --END-- [ RunTime:0.000000s ]
INFO: [ app_end ] --START--
INFO: Run Behavior\ShowPageTraceBehavior [ RunTime:0.001000s ]
INFO: [ app_end ] --END-- [ RunTime:0.001000s ]

